ERROR:flask_migrate:Error: Directory migrations already exists and is not empty
ERROR:flask_migrate:Error: Directory migrations already exists and is not empty
INFO:werkzeug:[31m[1mWARNING: This is a development server. Do not use it in a production deployment. Use a production WSGI server instead.[0m
 * Running on http://127.0.0.1:5000
INFO:werkzeug:[33mPress CTRL+C to quit[0m
INFO:werkzeug: * Restarting with stat
WARNING:werkzeug: * Debugger is active!
INFO:werkzeug: * Debugger PIN: 879-829-383
ERROR:flask_migrate:Error: Directory migrations already exists and is not empty
ERROR:flask_migrate:Error: Directory migrations already exists and is not empty
ERROR:flask_migrate:Error: Directory migrations already exists and is not empty
INFO:werkzeug:[31m[1mWARNING: This is a development server. Do not use it in a production deployment. Use a production WSGI server instead.[0m
 * Running on http://127.0.0.1:5000
INFO:werkzeug:[33mPress CTRL+C to quit[0m
INFO:werkzeug: * Restarting with stat
WARNING:werkzeug: * Debugger is active!
INFO:werkzeug: * Debugger PIN: 879-829-383
INFO:werkzeug:127.0.0.1 - - [03/Nov/2023 09:33:39] "[31m[1mGET /autor/agregar HTTP/1.1[0m" 405 -
INFO:werkzeug: * Detected change in 'D:\\Cesar Castro\\Desktop\\Python\\Equipo1-Python\\UNIDAD 2\\PRACTICA_3\\routes\\autor\\autores.py', reloading
INFO:werkzeug: * Restarting with stat
INFO:werkzeug:[31m[1mWARNING: This is a development server. Do not use it in a production deployment. Use a production WSGI server instead.[0m
 * Running on http://127.0.0.1:5000
INFO:werkzeug:[33mPress CTRL+C to quit[0m
INFO:werkzeug: * Restarting with stat
WARNING:werkzeug: * Debugger is active!
INFO:werkzeug: * Debugger PIN: 879-829-383
INFO:werkzeug:127.0.0.1 - - [03/Nov/2023 09:37:02] "[31m[1mGET /autor/agregar HTTP/1.1[0m" 405 -
INFO:werkzeug:127.0.0.1 - - [03/Nov/2023 09:37:05] "[31m[1mGET /autor/agregar HTTP/1.1[0m" 405 -
INFO:werkzeug:127.0.0.1 - - [03/Nov/2023 09:37:06] "[31m[1mGET /autor/agregar HTTP/1.1[0m" 405 -
INFO:werkzeug:127.0.0.1 - - [03/Nov/2023 09:43:14] "[33mGET / HTTP/1.1[0m" 404 -
INFO:werkzeug:127.0.0.1 - - [03/Nov/2023 09:43:15] "[33mGET /favicon.ico HTTP/1.1[0m" 404 -
INFO:werkzeug:127.0.0.1 - - [03/Nov/2023 09:43:15] "[33mGET /favicon.ico HTTP/1.1[0m" 404 -
INFO:werkzeug:[31m[1mWARNING: This is a development server. Do not use it in a production deployment. Use a production WSGI server instead.[0m
 * Running on http://127.0.0.1:5000
INFO:werkzeug:[33mPress CTRL+C to quit[0m
INFO:werkzeug: * Restarting with stat
WARNING:werkzeug: * Debugger is active!
INFO:werkzeug: * Debugger PIN: 879-829-383
INFO:werkzeug: * Detected change in 'D:\\Cesar Castro\\Desktop\\Python\\Equipo1-Python\\UNIDAD 2\\PRACTICA_3\\app.py', reloading
INFO:werkzeug: * Restarting with stat
WARNING:werkzeug: * Debugger is active!
INFO:werkzeug: * Debugger PIN: 879-829-383
INFO:werkzeug:[31m[1mWARNING: This is a development server. Do not use it in a production deployment. Use a production WSGI server instead.[0m
 * Running on http://127.0.0.1:5000
INFO:werkzeug:[33mPress CTRL+C to quit[0m
INFO:werkzeug: * Restarting with stat
WARNING:werkzeug: * Debugger is active!
INFO:werkzeug: * Debugger PIN: 879-829-383
INFO:werkzeug:127.0.0.1 - - [03/Nov/2023 09:46:53] "GET / HTTP/1.1" 200 -
INFO:werkzeug:[31m[1mWARNING: This is a development server. Do not use it in a production deployment. Use a production WSGI server instead.[0m
 * Running on http://127.0.0.1:5000
INFO:werkzeug:[33mPress CTRL+C to quit[0m
INFO:werkzeug: * Restarting with stat
WARNING:werkzeug: * Debugger is active!
INFO:werkzeug: * Debugger PIN: 879-829-383
INFO:werkzeug:127.0.0.1 - - [03/Nov/2023 09:57:09] "POST /autor/agregar HTTP/1.1" 200 -
INFO:werkzeug:127.0.0.1 - - [03/Nov/2023 09:57:40] "POST /autor/agregar HTTP/1.1" 200 -
INFO:werkzeug:127.0.0.1 - - [03/Nov/2023 09:57:53] "POST /autor/agregar HTTP/1.1" 200 -
INFO:werkzeug:127.0.0.1 - - [03/Nov/2023 09:58:52] "GET /autor/nombres HTTP/1.1" 200 -
INFO:werkzeug:127.0.0.1 - - [03/Nov/2023 10:00:54] "POST /autor/editar HTTP/1.1" 200 -
INFO:werkzeug:127.0.0.1 - - [03/Nov/2023 10:01:20] "POST /autor/eliminar HTTP/1.1" 200 -
INFO:werkzeug: * Detected change in 'D:\\Cesar Castro\\Desktop\\Python\\Equipo1-Python\\UNIDAD 2\\PRACTICA_3\\routes\\editoriales\\editoriales.py', reloading
INFO:werkzeug: * Restarting with stat
WARNING:werkzeug: * Debugger is active!
INFO:werkzeug: * Debugger PIN: 879-829-383
INFO:werkzeug: * Detected change in 'D:\\Cesar Castro\\Desktop\\Python\\Equipo1-Python\\UNIDAD 2\\PRACTICA_3\\routes\\editoriales\\editoriales.py', reloading
INFO:werkzeug: * Restarting with stat
WARNING:werkzeug: * Debugger is active!
INFO:werkzeug: * Debugger PIN: 879-829-383
INFO:werkzeug: * Detected change in 'D:\\Cesar Castro\\Desktop\\Python\\Equipo1-Python\\UNIDAD 2\\PRACTICA_3\\routes\\editoriale\\editoriales.py', reloading
INFO:werkzeug: * Restarting with stat
WARNING:werkzeug: * Debugger is active!
INFO:werkzeug: * Debugger PIN: 879-829-383
INFO:werkzeug: * Detected change in 'D:\\Cesar Castro\\Desktop\\Python\\Equipo1-Python\\UNIDAD 2\\PRACTICA_3\\routes\\editoriale\\editoriales.py', reloading
INFO:werkzeug: * Restarting with stat
WARNING:werkzeug: * Debugger is active!
INFO:werkzeug: * Debugger PIN: 879-829-383
INFO:werkzeug: * Detected change in 'D:\\Cesar Castro\\Desktop\\Python\\Equipo1-Python\\UNIDAD 2\\PRACTICA_3\\routes\\editoriale\\editoriales.py', reloading
INFO:werkzeug: * Restarting with stat
WARNING:werkzeug: * Debugger is active!
INFO:werkzeug: * Debugger PIN: 879-829-383
INFO:werkzeug: * Detected change in 'D:\\Cesar Castro\\Desktop\\Python\\Equipo1-Python\\UNIDAD 2\\PRACTICA_3\\routes\\editoriale\\editoriales.py', reloading
INFO:werkzeug: * Restarting with stat
WARNING:werkzeug: * Debugger is active!
INFO:werkzeug: * Debugger PIN: 879-829-383
INFO:werkzeug: * Detected change in 'D:\\Cesar Castro\\Desktop\\Python\\Equipo1-Python\\UNIDAD 2\\PRACTICA_3\\routes\\editoriale\\editoriales.py', reloading
INFO:werkzeug: * Restarting with stat
WARNING:werkzeug: * Debugger is active!
INFO:werkzeug: * Debugger PIN: 879-829-383
INFO:werkzeug: * Detected change in 'D:\\Cesar Castro\\Desktop\\Python\\Equipo1-Python\\UNIDAD 2\\PRACTICA_3\\routes\\editoriale\\editoriales.py', reloading
INFO:werkzeug: * Restarting with stat
WARNING:werkzeug: * Debugger is active!
INFO:werkzeug: * Debugger PIN: 879-829-383
INFO:werkzeug: * Detected change in 'D:\\Cesar Castro\\Desktop\\Python\\Equipo1-Python\\UNIDAD 2\\PRACTICA_3\\routes\\editoriale\\editoriales.py', reloading
INFO:werkzeug: * Restarting with stat
WARNING:werkzeug: * Debugger is active!
INFO:werkzeug: * Debugger PIN: 879-829-383
INFO:werkzeug: * Detected change in 'D:\\Cesar Castro\\Desktop\\Python\\Equipo1-Python\\UNIDAD 2\\PRACTICA_3\\routes\\editoriale\\editoriales.py', reloading
INFO:werkzeug: * Restarting with stat
WARNING:werkzeug: * Debugger is active!
INFO:werkzeug: * Debugger PIN: 879-829-383
INFO:werkzeug: * Detected change in 'D:\\Cesar Castro\\Desktop\\Python\\Equipo1-Python\\UNIDAD 2\\PRACTICA_3\\routes\\editoriale\\editoriales.py', reloading
INFO:werkzeug: * Restarting with stat
WARNING:werkzeug: * Debugger is active!
INFO:werkzeug: * Debugger PIN: 879-829-383
INFO:werkzeug: * Detected change in 'D:\\Cesar Castro\\Desktop\\Python\\Equipo1-Python\\UNIDAD 2\\PRACTICA_3\\routes\\editoriale\\editoriales.py', reloading
INFO:werkzeug: * Restarting with stat
WARNING:werkzeug: * Debugger is active!
INFO:werkzeug: * Debugger PIN: 879-829-383
INFO:werkzeug: * Detected change in 'D:\\Cesar Castro\\Desktop\\Python\\Equipo1-Python\\UNIDAD 2\\PRACTICA_3\\routes\\editoriale\\editoriales.py', reloading
INFO:werkzeug: * Restarting with stat
WARNING:werkzeug: * Debugger is active!
INFO:werkzeug: * Debugger PIN: 879-829-383
INFO:werkzeug: * Detected change in 'D:\\Cesar Castro\\Desktop\\Python\\Equipo1-Python\\UNIDAD 2\\PRACTICA_3\\routes\\editoriale\\editoriales.py', reloading
INFO:werkzeug: * Restarting with stat
WARNING:werkzeug: * Debugger is active!
INFO:werkzeug: * Debugger PIN: 879-829-383
INFO:werkzeug: * Detected change in 'D:\\Cesar Castro\\Desktop\\Python\\Equipo1-Python\\UNIDAD 2\\PRACTICA_3\\routes\\editoriale\\editoriales.py', reloading
INFO:werkzeug: * Restarting with stat
WARNING:werkzeug: * Debugger is active!
INFO:werkzeug: * Debugger PIN: 879-829-383
INFO:werkzeug: * Detected change in 'D:\\Cesar Castro\\Desktop\\Python\\Equipo1-Python\\UNIDAD 2\\PRACTICA_3\\routes\\editoriale\\editoriales.py', reloading
INFO:werkzeug: * Restarting with stat
WARNING:werkzeug: * Debugger is active!
INFO:werkzeug: * Debugger PIN: 879-829-383
INFO:werkzeug: * Detected change in 'D:\\Cesar Castro\\Desktop\\Python\\Equipo1-Python\\UNIDAD 2\\PRACTICA_3\\routes\\editoriale\\editoriales.py', reloading
INFO:werkzeug: * Restarting with stat
WARNING:werkzeug: * Debugger is active!
INFO:werkzeug: * Debugger PIN: 879-829-383
INFO:werkzeug: * Detected change in 'D:\\Cesar Castro\\Desktop\\Python\\Equipo1-Python\\UNIDAD 2\\PRACTICA_3\\routes\\editoriale\\editoriales.py', reloading
INFO:werkzeug: * Restarting with stat
WARNING:werkzeug: * Debugger is active!
INFO:werkzeug: * Debugger PIN: 879-829-383
INFO:werkzeug: * Detected change in 'D:\\Cesar Castro\\Desktop\\Python\\Equipo1-Python\\UNIDAD 2\\PRACTICA_3\\routes\\editoriale\\editoriales.py', reloading
INFO:werkzeug: * Restarting with stat
WARNING:werkzeug: * Debugger is active!
INFO:werkzeug: * Debugger PIN: 879-829-383
INFO:werkzeug: * Detected change in 'D:\\Cesar Castro\\Desktop\\Python\\Equipo1-Python\\UNIDAD 2\\PRACTICA_3\\routes\\editoriale\\editoriales.py', reloading
INFO:werkzeug: * Restarting with stat
WARNING:werkzeug: * Debugger is active!
INFO:werkzeug: * Debugger PIN: 879-829-383
INFO:werkzeug: * Detected change in 'D:\\Cesar Castro\\Desktop\\Python\\Equipo1-Python\\UNIDAD 2\\PRACTICA_3\\routes\\editoriale\\editoriales.py', reloading
INFO:werkzeug: * Restarting with stat
WARNING:werkzeug: * Debugger is active!
INFO:werkzeug: * Debugger PIN: 879-829-383
INFO:werkzeug: * Detected change in 'D:\\Cesar Castro\\Desktop\\Python\\Equipo1-Python\\UNIDAD 2\\PRACTICA_3\\routes\\editoriale\\editoriales.py', reloading
INFO:werkzeug: * Restarting with stat
WARNING:werkzeug: * Debugger is active!
INFO:werkzeug: * Debugger PIN: 879-829-383
INFO:werkzeug: * Detected change in 'D:\\Cesar Castro\\Desktop\\Python\\Equipo1-Python\\UNIDAD 2\\PRACTICA_3\\routes\\editoriale\\editoriales.py', reloading
INFO:werkzeug: * Restarting with stat
WARNING:werkzeug: * Debugger is active!
INFO:werkzeug: * Debugger PIN: 879-829-383
INFO:werkzeug: * Detected change in 'D:\\Cesar Castro\\Desktop\\Python\\Equipo1-Python\\UNIDAD 2\\PRACTICA_3\\routes\\editoriale\\editoriales.py', reloading
INFO:werkzeug: * Restarting with stat
WARNING:werkzeug: * Debugger is active!
INFO:werkzeug: * Debugger PIN: 879-829-383
INFO:werkzeug: * Detected change in 'D:\\Cesar Castro\\Desktop\\Python\\Equipo1-Python\\UNIDAD 2\\PRACTICA_3\\routes\\editoriale\\editoriales.py', reloading
INFO:werkzeug: * Restarting with stat
WARNING:werkzeug: * Debugger is active!
INFO:werkzeug: * Debugger PIN: 879-829-383
INFO:werkzeug: * Detected change in 'D:\\Cesar Castro\\Desktop\\Python\\Equipo1-Python\\UNIDAD 2\\PRACTICA_3\\routes\\editoriale\\editoriales.py', reloading
INFO:werkzeug: * Restarting with stat
WARNING:werkzeug: * Debugger is active!
INFO:werkzeug: * Debugger PIN: 879-829-383
INFO:werkzeug: * Detected change in 'D:\\Cesar Castro\\Desktop\\Python\\Equipo1-Python\\UNIDAD 2\\PRACTICA_3\\routes\\editoriale\\editoriales.py', reloading
INFO:werkzeug: * Restarting with stat
WARNING:werkzeug: * Debugger is active!
INFO:werkzeug: * Debugger PIN: 879-829-383
INFO:werkzeug: * Detected change in 'D:\\Cesar Castro\\Desktop\\Python\\Equipo1-Python\\UNIDAD 2\\PRACTICA_3\\routes\\editoriale\\editoriales.py', reloading
INFO:werkzeug: * Restarting with stat
WARNING:werkzeug: * Debugger is active!
INFO:werkzeug: * Debugger PIN: 879-829-383
INFO:werkzeug: * Detected change in 'D:\\Cesar Castro\\Desktop\\Python\\Equipo1-Python\\UNIDAD 2\\PRACTICA_3\\routes\\editoriale\\editoriales.py', reloading
INFO:werkzeug: * Restarting with stat
WARNING:werkzeug: * Debugger is active!
INFO:werkzeug: * Debugger PIN: 879-829-383
INFO:werkzeug: * Detected change in 'D:\\Cesar Castro\\Desktop\\Python\\Equipo1-Python\\UNIDAD 2\\PRACTICA_3\\routes\\editoriale\\editoriales.py', reloading
INFO:werkzeug: * Restarting with stat
WARNING:werkzeug: * Debugger is active!
INFO:werkzeug: * Debugger PIN: 879-829-383
INFO:werkzeug: * Detected change in 'D:\\Cesar Castro\\Desktop\\Python\\Equipo1-Python\\UNIDAD 2\\PRACTICA_3\\routes\\editoriale\\editoriales.py', reloading
INFO:werkzeug: * Restarting with stat
WARNING:werkzeug: * Debugger is active!
INFO:werkzeug: * Debugger PIN: 879-829-383
INFO:werkzeug: * Detected change in 'D:\\Cesar Castro\\Desktop\\Python\\Equipo1-Python\\UNIDAD 2\\PRACTICA_3\\routes\\editoriale\\editoriales.py', reloading
INFO:werkzeug: * Restarting with stat
WARNING:werkzeug: * Debugger is active!
INFO:werkzeug: * Debugger PIN: 879-829-383
INFO:werkzeug: * Detected change in 'D:\\Cesar Castro\\Desktop\\Python\\Equipo1-Python\\UNIDAD 2\\PRACTICA_3\\routes\\editoriale\\editoriales.py', reloading
INFO:werkzeug: * Restarting with stat
WARNING:werkzeug: * Debugger is active!
INFO:werkzeug: * Debugger PIN: 879-829-383
INFO:werkzeug: * Detected change in 'D:\\Cesar Castro\\Desktop\\Python\\Equipo1-Python\\UNIDAD 2\\PRACTICA_3\\routes\\editoriale\\editoriales.py', reloading
INFO:werkzeug: * Restarting with stat
WARNING:werkzeug: * Debugger is active!
INFO:werkzeug: * Debugger PIN: 879-829-383
INFO:werkzeug: * Detected change in 'D:\\Cesar Castro\\Desktop\\Python\\Equipo1-Python\\UNIDAD 2\\PRACTICA_3\\routes\\editoriale\\editoriales.py', reloading
INFO:werkzeug: * Restarting with stat
WARNING:werkzeug: * Debugger is active!
INFO:werkzeug: * Debugger PIN: 879-829-383
INFO:werkzeug: * Detected change in 'D:\\Cesar Castro\\Desktop\\Python\\Equipo1-Python\\UNIDAD 2\\PRACTICA_3\\routes\\editoriale\\editoriales.py', reloading
INFO:werkzeug: * Restarting with stat
WARNING:werkzeug: * Debugger is active!
INFO:werkzeug: * Debugger PIN: 879-829-383
INFO:werkzeug: * Detected change in 'D:\\Cesar Castro\\Desktop\\Python\\Equipo1-Python\\UNIDAD 2\\PRACTICA_3\\routes\\editoriale\\editoriales.py', reloading
INFO:werkzeug: * Restarting with stat
WARNING:werkzeug: * Debugger is active!
INFO:werkzeug: * Debugger PIN: 879-829-383
INFO:werkzeug:[31m[1mWARNING: This is a development server. Do not use it in a production deployment. Use a production WSGI server instead.[0m
 * Running on http://127.0.0.1:5000
INFO:werkzeug:[33mPress CTRL+C to quit[0m
INFO:werkzeug: * Restarting with stat
WARNING:werkzeug: * Debugger is active!
INFO:werkzeug: * Debugger PIN: 879-829-383
INFO:werkzeug: * Detected change in 'D:\\Cesar Castro\\Desktop\\Python\\Equipo1-Python\\UNIDAD 2\\PRACTICA_3\\app.py', reloading
INFO:werkzeug: * Restarting with stat
INFO:werkzeug: * Restarting with stat
INFO:werkzeug: * Restarting with stat
INFO:werkzeug: * Restarting with stat
INFO:werkzeug:[31m[1mWARNING: This is a development server. Do not use it in a production deployment. Use a production WSGI server instead.[0m
 * Running on http://127.0.0.1:5000
INFO:werkzeug:[33mPress CTRL+C to quit[0m
INFO:werkzeug: * Restarting with stat
WARNING:werkzeug: * Debugger is active!
INFO:werkzeug: * Debugger PIN: 879-829-383
INFO:werkzeug:127.0.0.1 - - [03/Nov/2023 10:11:23] "POST /editorial/agregar HTTP/1.1" 200 -
INFO:werkzeug:127.0.0.1 - - [03/Nov/2023 10:11:59] "POST /editorial/agregar HTTP/1.1" 200 -
INFO:werkzeug:[31m[1mWARNING: This is a development server. Do not use it in a production deployment. Use a production WSGI server instead.[0m
 * Running on http://127.0.0.1:5000
INFO:werkzeug:[33mPress CTRL+C to quit[0m
INFO:werkzeug: * Restarting with stat
WARNING:werkzeug: * Debugger is active!
INFO:werkzeug: * Debugger PIN: 879-829-383
INFO:werkzeug:127.0.0.1 - - [03/Nov/2023 12:35:57] "[31m[1mPOST /editorial/nombres HTTP/1.1[0m" 405 -
INFO:werkzeug:127.0.0.1 - - [03/Nov/2023 12:38:07] "GET /editorial/nombres HTTP/1.1" 200 -
INFO:werkzeug: * Detected change in 'D:\\Cesar Castro\\Desktop\\Python\\Equipo1-Python\\UNIDAD 2\\PRACTICA_3\\forms.py', reloading
INFO:werkzeug: * Restarting with stat
WARNING:werkzeug: * Debugger is active!
INFO:werkzeug: * Debugger PIN: 879-829-383
INFO:werkzeug:[31m[1mWARNING: This is a development server. Do not use it in a production deployment. Use a production WSGI server instead.[0m
 * Running on http://127.0.0.1:5000
INFO:werkzeug:[33mPress CTRL+C to quit[0m
INFO:werkzeug: * Restarting with stat
WARNING:werkzeug: * Debugger is active!
INFO:werkzeug: * Debugger PIN: 879-829-383
INFO:werkzeug:127.0.0.1 - - [03/Nov/2023 12:48:12] "GET / HTTP/1.1" 200 -
INFO:werkzeug: * Detected change in 'D:\\Cesar Castro\\Desktop\\Python\\Equipo1-Python\\UNIDAD 2\\PRACTICA_3\\routes\\libro\\libros.py', reloading
INFO:werkzeug: * Restarting with stat
WARNING:werkzeug: * Debugger is active!
INFO:werkzeug: * Debugger PIN: 879-829-383
INFO:werkzeug: * Detected change in 'D:\\Cesar Castro\\Desktop\\Python\\Equipo1-Python\\UNIDAD 2\\PRACTICA_3\\routes\\libro\\libros.py', reloading
INFO:werkzeug: * Restarting with stat
WARNING:werkzeug: * Debugger is active!
INFO:werkzeug: * Debugger PIN: 879-829-383
INFO:werkzeug: * Detected change in 'D:\\Cesar Castro\\Desktop\\Python\\Equipo1-Python\\UNIDAD 2\\PRACTICA_3\\routes\\libro\\libros.py', reloading
INFO:werkzeug: * Restarting with stat
WARNING:werkzeug: * Debugger is active!
INFO:werkzeug: * Debugger PIN: 879-829-383
INFO:werkzeug: * Detected change in 'D:\\Cesar Castro\\Desktop\\Python\\Equipo1-Python\\UNIDAD 2\\PRACTICA_3\\routes\\libro\\libros.py', reloading
INFO:werkzeug: * Restarting with stat
WARNING:werkzeug: * Debugger is active!
INFO:werkzeug: * Debugger PIN: 879-829-383
INFO:werkzeug: * Detected change in 'D:\\Cesar Castro\\Desktop\\Python\\Equipo1-Python\\UNIDAD 2\\PRACTICA_3\\routes\\libro\\libros.py', reloading
INFO:werkzeug: * Restarting with stat
WARNING:werkzeug: * Debugger is active!
INFO:werkzeug: * Debugger PIN: 879-829-383
INFO:werkzeug: * Detected change in 'D:\\Cesar Castro\\Desktop\\Python\\Equipo1-Python\\UNIDAD 2\\PRACTICA_3\\routes\\libro\\libros.py', reloading
INFO:werkzeug: * Restarting with stat
WARNING:werkzeug: * Debugger is active!
INFO:werkzeug: * Debugger PIN: 879-829-383
INFO:werkzeug: * Detected change in 'D:\\Cesar Castro\\Desktop\\Python\\Equipo1-Python\\UNIDAD 2\\PRACTICA_3\\routes\\libro\\libros.py', reloading
INFO:werkzeug: * Restarting with stat
WARNING:werkzeug: * Debugger is active!
INFO:werkzeug: * Debugger PIN: 879-829-383
INFO:werkzeug: * Detected change in 'D:\\Cesar Castro\\Desktop\\Python\\Equipo1-Python\\UNIDAD 2\\PRACTICA_3\\routes\\libro\\libros.py', reloading
INFO:werkzeug: * Restarting with stat
WARNING:werkzeug: * Debugger is active!
INFO:werkzeug: * Debugger PIN: 879-829-383
INFO:werkzeug: * Detected change in 'D:\\Cesar Castro\\Desktop\\Python\\Equipo1-Python\\UNIDAD 2\\PRACTICA_3\\routes\\libro\\libros.py', reloading
INFO:werkzeug: * Restarting with stat
WARNING:werkzeug: * Debugger is active!
INFO:werkzeug: * Debugger PIN: 879-829-383
INFO:werkzeug: * Detected change in 'D:\\Cesar Castro\\Desktop\\Python\\Equipo1-Python\\UNIDAD 2\\PRACTICA_3\\routes\\libro\\libros.py', reloading
INFO:werkzeug: * Restarting with stat
WARNING:werkzeug: * Debugger is active!
INFO:werkzeug: * Debugger PIN: 879-829-383
INFO:werkzeug: * Detected change in 'D:\\Cesar Castro\\Desktop\\Python\\Equipo1-Python\\UNIDAD 2\\PRACTICA_3\\app.py', reloading
INFO:werkzeug: * Restarting with stat
WARNING:werkzeug: * Debugger is active!
INFO:werkzeug: * Debugger PIN: 879-829-383
INFO:werkzeug: * Detected change in 'D:\\Cesar Castro\\Desktop\\Python\\Equipo1-Python\\UNIDAD 2\\PRACTICA_3\\routes\\libro\\libros.py', reloading
INFO:werkzeug: * Restarting with stat
WARNING:werkzeug: * Debugger is active!
INFO:werkzeug: * Debugger PIN: 879-829-383
INFO:werkzeug: * Detected change in 'D:\\Cesar Castro\\Desktop\\Python\\Equipo1-Python\\UNIDAD 2\\PRACTICA_3\\routes\\libro\\libros.py', reloading
INFO:werkzeug: * Restarting with stat
WARNING:werkzeug: * Debugger is active!
INFO:werkzeug: * Debugger PIN: 879-829-383
INFO:werkzeug: * Detected change in 'D:\\Cesar Castro\\Desktop\\Python\\Equipo1-Python\\UNIDAD 2\\PRACTICA_3\\routes\\libro\\libros.py', reloading
INFO:werkzeug: * Restarting with stat
WARNING:werkzeug: * Debugger is active!
INFO:werkzeug: * Debugger PIN: 879-829-383
INFO:werkzeug: * Detected change in 'D:\\Cesar Castro\\Desktop\\Python\\Equipo1-Python\\UNIDAD 2\\PRACTICA_3\\routes\\libro\\libros.py', reloading
INFO:werkzeug: * Restarting with stat
WARNING:werkzeug: * Debugger is active!
INFO:werkzeug: * Debugger PIN: 879-829-383
INFO:werkzeug: * Detected change in 'D:\\Cesar Castro\\Desktop\\Python\\Equipo1-Python\\UNIDAD 2\\PRACTICA_3\\routes\\libro\\libros.py', reloading
INFO:werkzeug: * Restarting with stat
WARNING:werkzeug: * Debugger is active!
INFO:werkzeug: * Debugger PIN: 879-829-383
INFO:werkzeug: * Detected change in 'D:\\Cesar Castro\\Desktop\\Python\\Equipo1-Python\\UNIDAD 2\\PRACTICA_3\\routes\\libro\\libros.py', reloading
INFO:werkzeug: * Restarting with stat
WARNING:werkzeug: * Debugger is active!
INFO:werkzeug: * Debugger PIN: 879-829-383
INFO:werkzeug: * Detected change in 'D:\\Cesar Castro\\Desktop\\Python\\Equipo1-Python\\UNIDAD 2\\PRACTICA_3\\routes\\libro\\libros.py', reloading
INFO:werkzeug: * Restarting with stat
WARNING:werkzeug: * Debugger is active!
INFO:werkzeug: * Debugger PIN: 879-829-383
INFO:werkzeug: * Detected change in 'D:\\Cesar Castro\\Desktop\\Python\\Equipo1-Python\\UNIDAD 2\\PRACTICA_3\\routes\\libro\\libros.py', reloading
INFO:werkzeug: * Restarting with stat
WARNING:werkzeug: * Debugger is active!
INFO:werkzeug: * Debugger PIN: 879-829-383
INFO:werkzeug: * Detected change in 'D:\\Cesar Castro\\Desktop\\Python\\Equipo1-Python\\UNIDAD 2\\PRACTICA_3\\routes\\libro\\libros.py', reloading
INFO:werkzeug: * Restarting with stat
WARNING:werkzeug: * Debugger is active!
INFO:werkzeug: * Debugger PIN: 879-829-383
INFO:werkzeug: * Detected change in 'D:\\Cesar Castro\\Desktop\\Python\\Equipo1-Python\\UNIDAD 2\\PRACTICA_3\\routes\\libro\\libros.py', reloading
INFO:werkzeug: * Restarting with stat
WARNING:werkzeug: * Debugger is active!
INFO:werkzeug: * Debugger PIN: 879-829-383
INFO:werkzeug: * Detected change in 'D:\\Cesar Castro\\Desktop\\Python\\Equipo1-Python\\UNIDAD 2\\PRACTICA_3\\routes\\libro\\libros.py', reloading
INFO:werkzeug: * Restarting with stat
WARNING:werkzeug: * Debugger is active!
INFO:werkzeug: * Debugger PIN: 879-829-383
INFO:werkzeug: * Detected change in 'D:\\Cesar Castro\\Desktop\\Python\\Equipo1-Python\\UNIDAD 2\\PRACTICA_3\\routes\\libro\\libros.py', reloading
INFO:werkzeug: * Restarting with stat
WARNING:werkzeug: * Debugger is active!
INFO:werkzeug: * Debugger PIN: 879-829-383
INFO:werkzeug: * Detected change in 'D:\\Cesar Castro\\Desktop\\Python\\Equipo1-Python\\UNIDAD 2\\PRACTICA_3\\routes\\libro\\libros.py', reloading
INFO:werkzeug: * Restarting with stat
WARNING:werkzeug: * Debugger is active!
INFO:werkzeug: * Debugger PIN: 879-829-383
INFO:werkzeug: * Detected change in 'D:\\Cesar Castro\\Desktop\\Python\\Equipo1-Python\\UNIDAD 2\\PRACTICA_3\\routes\\libro\\libros.py', reloading
INFO:werkzeug: * Restarting with stat
WARNING:werkzeug: * Debugger is active!
INFO:werkzeug: * Debugger PIN: 879-829-383
INFO:werkzeug: * Detected change in 'D:\\Cesar Castro\\Desktop\\Python\\Equipo1-Python\\UNIDAD 2\\PRACTICA_3\\routes\\libro\\libros.py', reloading
INFO:werkzeug: * Restarting with stat
WARNING:werkzeug: * Debugger is active!
INFO:werkzeug: * Debugger PIN: 879-829-383
INFO:werkzeug: * Detected change in 'D:\\Cesar Castro\\Desktop\\Python\\Equipo1-Python\\UNIDAD 2\\PRACTICA_3\\routes\\libro\\libros.py', reloading
INFO:werkzeug: * Restarting with stat
WARNING:werkzeug: * Debugger is active!
INFO:werkzeug: * Debugger PIN: 879-829-383
INFO:werkzeug: * Detected change in 'D:\\Cesar Castro\\Desktop\\Python\\Equipo1-Python\\UNIDAD 2\\PRACTICA_3\\routes\\libro\\libros.py', reloading
INFO:werkzeug: * Restarting with stat
WARNING:werkzeug: * Debugger is active!
INFO:werkzeug: * Debugger PIN: 879-829-383
INFO:werkzeug: * Detected change in 'D:\\Cesar Castro\\Desktop\\Python\\Equipo1-Python\\UNIDAD 2\\PRACTICA_3\\routes\\libro\\libros.py', reloading
INFO:werkzeug: * Restarting with stat
WARNING:werkzeug: * Debugger is active!
INFO:werkzeug: * Debugger PIN: 879-829-383
INFO:werkzeug: * Detected change in 'D:\\Cesar Castro\\Desktop\\Python\\Equipo1-Python\\UNIDAD 2\\PRACTICA_3\\routes\\libro\\libros.py', reloading
INFO:werkzeug: * Restarting with stat
WARNING:werkzeug: * Debugger is active!
INFO:werkzeug: * Debugger PIN: 879-829-383
INFO:werkzeug: * Detected change in 'D:\\Cesar Castro\\Desktop\\Python\\Equipo1-Python\\UNIDAD 2\\PRACTICA_3\\routes\\libro\\libros.py', reloading
INFO:werkzeug: * Restarting with stat
WARNING:werkzeug: * Debugger is active!
INFO:werkzeug: * Debugger PIN: 879-829-383
INFO:werkzeug: * Detected change in 'D:\\Cesar Castro\\Desktop\\Python\\Equipo1-Python\\UNIDAD 2\\PRACTICA_3\\routes\\libro\\libros.py', reloading
INFO:werkzeug: * Restarting with stat
WARNING:werkzeug: * Debugger is active!
INFO:werkzeug: * Debugger PIN: 879-829-383
INFO:werkzeug: * Detected change in 'D:\\Cesar Castro\\Desktop\\Python\\Equipo1-Python\\UNIDAD 2\\PRACTICA_3\\routes\\libro\\libros.py', reloading
INFO:werkzeug: * Restarting with stat
WARNING:werkzeug: * Debugger is active!
INFO:werkzeug: * Debugger PIN: 879-829-383
INFO:werkzeug: * Detected change in 'D:\\Cesar Castro\\Desktop\\Python\\Equipo1-Python\\UNIDAD 2\\PRACTICA_3\\routes\\libro\\libros.py', reloading
INFO:werkzeug: * Restarting with stat
WARNING:werkzeug: * Debugger is active!
INFO:werkzeug: * Debugger PIN: 879-829-383
INFO:werkzeug: * Detected change in 'D:\\Cesar Castro\\Desktop\\Python\\Equipo1-Python\\UNIDAD 2\\PRACTICA_3\\routes\\libro\\libros.py', reloading
INFO:werkzeug: * Restarting with stat
WARNING:werkzeug: * Debugger is active!
INFO:werkzeug: * Debugger PIN: 879-829-383
INFO:werkzeug: * Detected change in 'D:\\Cesar Castro\\Desktop\\Python\\Equipo1-Python\\UNIDAD 2\\PRACTICA_3\\routes\\libro\\libros.py', reloading
INFO:werkzeug: * Restarting with stat
WARNING:werkzeug: * Debugger is active!
INFO:werkzeug: * Debugger PIN: 879-829-383
INFO:werkzeug: * Detected change in 'D:\\Cesar Castro\\Desktop\\Python\\Equipo1-Python\\UNIDAD 2\\PRACTICA_3\\routes\\libro\\libros.py', reloading
INFO:werkzeug: * Restarting with stat
WARNING:werkzeug: * Debugger is active!
INFO:werkzeug: * Debugger PIN: 879-829-383
INFO:werkzeug: * Detected change in 'D:\\Cesar Castro\\Desktop\\Python\\Equipo1-Python\\UNIDAD 2\\PRACTICA_3\\routes\\libro\\libros.py', reloading
INFO:werkzeug: * Restarting with stat
WARNING:werkzeug: * Debugger is active!
INFO:werkzeug: * Debugger PIN: 879-829-383
INFO:werkzeug: * Detected change in 'D:\\Cesar Castro\\Desktop\\Python\\Equipo1-Python\\UNIDAD 2\\PRACTICA_3\\routes\\libro\\libros.py', reloading
INFO:werkzeug: * Restarting with stat
WARNING:werkzeug: * Debugger is active!
INFO:werkzeug: * Debugger PIN: 879-829-383
INFO:werkzeug: * Detected change in 'D:\\Cesar Castro\\Desktop\\Python\\Equipo1-Python\\UNIDAD 2\\PRACTICA_3\\routes\\libro\\libros.py', reloading
INFO:werkzeug: * Restarting with stat
WARNING:werkzeug: * Debugger is active!
INFO:werkzeug: * Debugger PIN: 879-829-383
INFO:werkzeug: * Detected change in 'D:\\Cesar Castro\\Desktop\\Python\\Equipo1-Python\\UNIDAD 2\\PRACTICA_3\\routes\\libro\\libros.py', reloading
INFO:werkzeug: * Restarting with stat
WARNING:werkzeug: * Debugger is active!
INFO:werkzeug: * Debugger PIN: 879-829-383
INFO:werkzeug: * Detected change in 'D:\\Cesar Castro\\Desktop\\Python\\Equipo1-Python\\UNIDAD 2\\PRACTICA_3\\routes\\libro\\libros.py', reloading
INFO:werkzeug: * Restarting with stat
WARNING:werkzeug: * Debugger is active!
INFO:werkzeug: * Debugger PIN: 879-829-383
INFO:werkzeug: * Detected change in 'D:\\Cesar Castro\\Desktop\\Python\\Equipo1-Python\\UNIDAD 2\\PRACTICA_3\\routes\\libro\\libros.py', reloading
INFO:werkzeug: * Restarting with stat
WARNING:werkzeug: * Debugger is active!
INFO:werkzeug: * Debugger PIN: 879-829-383
INFO:werkzeug: * Detected change in 'D:\\Cesar Castro\\Desktop\\Python\\Equipo1-Python\\UNIDAD 2\\PRACTICA_3\\routes\\libro\\libros.py', reloading
INFO:werkzeug: * Restarting with stat
WARNING:werkzeug: * Debugger is active!
INFO:werkzeug: * Debugger PIN: 879-829-383
INFO:werkzeug: * Detected change in 'D:\\Cesar Castro\\Desktop\\Python\\Equipo1-Python\\UNIDAD 2\\PRACTICA_3\\routes\\libro\\libros.py', reloading
INFO:werkzeug: * Restarting with stat
WARNING:werkzeug: * Debugger is active!
INFO:werkzeug: * Debugger PIN: 879-829-383
INFO:werkzeug: * Detected change in 'D:\\Cesar Castro\\Desktop\\Python\\Equipo1-Python\\UNIDAD 2\\PRACTICA_3\\routes\\libro\\libros.py', reloading
INFO:werkzeug: * Restarting with stat
WARNING:werkzeug: * Debugger is active!
INFO:werkzeug: * Debugger PIN: 879-829-383
INFO:werkzeug: * Detected change in 'D:\\Cesar Castro\\Desktop\\Python\\Equipo1-Python\\UNIDAD 2\\PRACTICA_3\\routes\\libro\\libros.py', reloading
INFO:werkzeug: * Restarting with stat
WARNING:werkzeug: * Debugger is active!
INFO:werkzeug: * Debugger PIN: 879-829-383
INFO:werkzeug: * Detected change in 'D:\\Cesar Castro\\Desktop\\Python\\Equipo1-Python\\UNIDAD 2\\PRACTICA_3\\routes\\libro\\libros.py', reloading
INFO:werkzeug: * Restarting with stat
WARNING:werkzeug: * Debugger is active!
INFO:werkzeug: * Debugger PIN: 879-829-383
INFO:werkzeug: * Detected change in 'D:\\Cesar Castro\\Desktop\\Python\\Equipo1-Python\\UNIDAD 2\\PRACTICA_3\\routes\\libro\\libros.py', reloading
INFO:werkzeug: * Restarting with stat
WARNING:werkzeug: * Debugger is active!
INFO:werkzeug: * Debugger PIN: 879-829-383
INFO:werkzeug: * Detected change in 'D:\\Cesar Castro\\Desktop\\Python\\Equipo1-Python\\UNIDAD 2\\PRACTICA_3\\routes\\libro\\libros.py', reloading
INFO:werkzeug: * Restarting with stat
WARNING:werkzeug: * Debugger is active!
INFO:werkzeug: * Debugger PIN: 879-829-383
INFO:werkzeug: * Detected change in 'D:\\Cesar Castro\\Desktop\\Python\\Equipo1-Python\\UNIDAD 2\\PRACTICA_3\\routes\\libro\\libros.py', reloading
INFO:werkzeug: * Restarting with stat
WARNING:werkzeug: * Debugger is active!
INFO:werkzeug: * Debugger PIN: 879-829-383
INFO:werkzeug: * Detected change in 'D:\\Cesar Castro\\Desktop\\Python\\Equipo1-Python\\UNIDAD 2\\PRACTICA_3\\routes\\libro\\libros.py', reloading
INFO:werkzeug: * Restarting with stat
WARNING:werkzeug: * Debugger is active!
INFO:werkzeug: * Debugger PIN: 879-829-383
INFO:werkzeug: * Detected change in 'D:\\Cesar Castro\\Desktop\\Python\\Equipo1-Python\\UNIDAD 2\\PRACTICA_3\\routes\\libro\\libros.py', reloading
INFO:werkzeug: * Restarting with stat
WARNING:werkzeug: * Debugger is active!
INFO:werkzeug: * Debugger PIN: 879-829-383
INFO:werkzeug: * Detected change in 'D:\\Cesar Castro\\Desktop\\Python\\Equipo1-Python\\UNIDAD 2\\PRACTICA_3\\routes\\libro\\libros.py', reloading
INFO:werkzeug: * Restarting with stat
WARNING:werkzeug: * Debugger is active!
INFO:werkzeug: * Debugger PIN: 879-829-383
INFO:werkzeug:[31m[1mWARNING: This is a development server. Do not use it in a production deployment. Use a production WSGI server instead.[0m
 * Running on http://127.0.0.1:5000
INFO:werkzeug:[33mPress CTRL+C to quit[0m
INFO:werkzeug: * Restarting with stat
WARNING:werkzeug: * Debugger is active!
INFO:werkzeug: * Debugger PIN: 879-829-383
INFO:werkzeug:127.0.0.1 - - [03/Nov/2023 13:27:41] "[33mGET / HTTP/1.1[0m" 404 -
INFO:werkzeug:127.0.0.1 - - [03/Nov/2023 13:27:48] "[33mGET /index HTTP/1.1[0m" 404 -
INFO:werkzeug:127.0.0.1 - - [03/Nov/2023 13:27:51] "[33mGET /index HTTP/1.1[0m" 404 -
INFO:werkzeug:127.0.0.1 - - [03/Nov/2023 13:28:18] "[33mGET /index HTTP/1.1[0m" 404 -
INFO:werkzeug: * Detected change in 'D:\\Cesar Castro\\Desktop\\Python\\Equipo1-Python\\UNIDAD 2\\PRACTICA_3\\app.py', reloading
INFO:werkzeug: * Restarting with stat
INFO:werkzeug: * Restarting with stat
INFO:werkzeug: * Restarting with stat
INFO:werkzeug: * Restarting with stat
WARNING:werkzeug: * Debugger is active!
INFO:werkzeug: * Debugger PIN: 879-829-383
INFO:werkzeug: * Detected change in 'D:\\Cesar Castro\\Desktop\\Python\\Equipo1-Python\\UNIDAD 2\\PRACTICA_3\\app.py', reloading
INFO:werkzeug: * Restarting with stat
INFO:werkzeug: * Restarting with stat
WARNING:werkzeug: * Debugger is active!
INFO:werkzeug: * Debugger PIN: 879-829-383
INFO:werkzeug:[31m[1mWARNING: This is a development server. Do not use it in a production deployment. Use a production WSGI server instead.[0m
 * Running on http://127.0.0.1:5000
INFO:werkzeug:[33mPress CTRL+C to quit[0m
INFO:werkzeug: * Restarting with stat
WARNING:werkzeug: * Debugger is active!
INFO:werkzeug: * Debugger PIN: 879-829-383
INFO:werkzeug:127.0.0.1 - - [03/Nov/2023 13:30:45] "GET /index HTTP/1.1" 200 -
INFO:werkzeug:127.0.0.1 - - [03/Nov/2023 13:30:50] "[35m[1mGET /agregar HTTP/1.1[0m" 500 -
INFO:werkzeug:127.0.0.1 - - [03/Nov/2023 13:30:50] "GET /agregar?__debugger__=yes&cmd=resource&f=style.css HTTP/1.1" 200 -
INFO:werkzeug:127.0.0.1 - - [03/Nov/2023 13:30:50] "GET /agregar?__debugger__=yes&cmd=resource&f=debugger.js HTTP/1.1" 200 -
INFO:werkzeug:127.0.0.1 - - [03/Nov/2023 13:30:50] "GET /agregar?__debugger__=yes&cmd=resource&f=console.png HTTP/1.1" 200 -
INFO:werkzeug:127.0.0.1 - - [03/Nov/2023 13:30:50] "[36mGET /agregar?__debugger__=yes&cmd=resource&f=console.png HTTP/1.1[0m" 304 -
INFO:werkzeug: * Detected change in 'D:\\Cesar Castro\\Desktop\\Python\\Equipo1-Python\\UNIDAD 2\\PRACTICA_3\\routes\\libro\\libros.py', reloading
INFO:werkzeug: * Restarting with stat
WARNING:werkzeug: * Debugger is active!
INFO:werkzeug: * Debugger PIN: 879-829-383
INFO:werkzeug: * Detected change in 'D:\\Cesar Castro\\Desktop\\Python\\Equipo1-Python\\UNIDAD 2\\PRACTICA_3\\forms.py', reloading
INFO:werkzeug: * Restarting with stat
WARNING:werkzeug: * Debugger is active!
INFO:werkzeug: * Debugger PIN: 879-829-383
INFO:werkzeug: * Detected change in 'D:\\Cesar Castro\\Desktop\\Python\\Equipo1-Python\\UNIDAD 2\\PRACTICA_3\\forms.py', reloading
INFO:werkzeug: * Restarting with stat
WARNING:werkzeug: * Debugger is active!
INFO:werkzeug: * Debugger PIN: 879-829-383
INFO:werkzeug: * Detected change in 'D:\\Cesar Castro\\Desktop\\Python\\Equipo1-Python\\UNIDAD 2\\PRACTICA_3\\forms.py', reloading
INFO:werkzeug: * Restarting with stat
WARNING:werkzeug: * Debugger is active!
INFO:werkzeug: * Debugger PIN: 879-829-383
INFO:werkzeug:[31m[1mWARNING: This is a development server. Do not use it in a production deployment. Use a production WSGI server instead.[0m
 * Running on http://127.0.0.1:5000
INFO:werkzeug:[33mPress CTRL+C to quit[0m
INFO:werkzeug: * Restarting with stat
WARNING:werkzeug: * Debugger is active!
INFO:werkzeug: * Debugger PIN: 879-829-383
INFO:werkzeug:127.0.0.1 - - [03/Nov/2023 13:39:18] "GET /agregar HTTP/1.1" 200 -
INFO:werkzeug:[31m[1mWARNING: This is a development server. Do not use it in a production deployment. Use a production WSGI server instead.[0m
 * Running on http://127.0.0.1:5000
INFO:werkzeug:[33mPress CTRL+C to quit[0m
INFO:werkzeug: * Restarting with stat
WARNING:werkzeug: * Debugger is active!
INFO:werkzeug: * Debugger PIN: 879-829-383
INFO:werkzeug:127.0.0.1 - - [03/Nov/2023 13:44:59] "GET /agregar HTTP/1.1" 200 -
INFO:werkzeug:[31m[1mWARNING: This is a development server. Do not use it in a production deployment. Use a production WSGI server instead.[0m
 * Running on http://127.0.0.1:5000
INFO:werkzeug:[33mPress CTRL+C to quit[0m
INFO:werkzeug: * Restarting with stat
WARNING:werkzeug: * Debugger is active!
INFO:werkzeug: * Debugger PIN: 879-829-383
INFO:werkzeug:127.0.0.1 - - [03/Nov/2023 13:47:25] "GET /agregar HTTP/1.1" 200 -
INFO:werkzeug:127.0.0.1 - - [03/Nov/2023 13:48:06] "GET /agregar HTTP/1.1" 200 -
INFO:werkzeug:127.0.0.1 - - [03/Nov/2023 13:49:26] "[32mPOST /agregar HTTP/1.1[0m" 302 -
INFO:werkzeug:127.0.0.1 - - [03/Nov/2023 13:49:26] "[35m[1mGET /index HTTP/1.1[0m" 500 -
INFO:werkzeug:127.0.0.1 - - [03/Nov/2023 13:49:26] "GET /index?__debugger__=yes&cmd=resource&f=style.css HTTP/1.1" 200 -
INFO:werkzeug:127.0.0.1 - - [03/Nov/2023 13:49:26] "GET /index?__debugger__=yes&cmd=resource&f=debugger.js HTTP/1.1" 200 -
INFO:werkzeug:127.0.0.1 - - [03/Nov/2023 13:49:26] "GET /index?__debugger__=yes&cmd=resource&f=console.png HTTP/1.1" 200 -
INFO:werkzeug:127.0.0.1 - - [03/Nov/2023 13:49:27] "[36mGET /index?__debugger__=yes&cmd=resource&f=console.png HTTP/1.1[0m" 304 -
INFO:werkzeug:[31m[1mWARNING: This is a development server. Do not use it in a production deployment. Use a production WSGI server instead.[0m
 * Running on http://127.0.0.1:5000
INFO:werkzeug:[33mPress CTRL+C to quit[0m
INFO:werkzeug: * Restarting with stat
WARNING:werkzeug: * Debugger is active!
INFO:werkzeug: * Debugger PIN: 879-829-383
INFO:werkzeug:127.0.0.1 - - [03/Nov/2023 13:55:34] "GET /index HTTP/1.1" 200 -
INFO:werkzeug:127.0.0.1 - - [03/Nov/2023 13:55:38] "GET /agregar HTTP/1.1" 200 -
INFO:werkzeug:127.0.0.1 - - [03/Nov/2023 13:56:25] "[32mPOST /agregar HTTP/1.1[0m" 302 -
INFO:werkzeug:127.0.0.1 - - [03/Nov/2023 13:56:25] "GET /index HTTP/1.1" 200 -
INFO:werkzeug: * Detected change in 'D:\\Cesar Castro\\Desktop\\Python\\Equipo1-Python\\UNIDAD 2\\PRACTICA_3\\routes\\libro\\libros.py', reloading
INFO:werkzeug: * Restarting with stat
INFO:werkzeug: * Restarting with stat
WARNING:werkzeug: * Debugger is active!
INFO:werkzeug: * Debugger PIN: 879-829-383
INFO:werkzeug: * Detected change in 'D:\\Cesar Castro\\Desktop\\Python\\Equipo1-Python\\UNIDAD 2\\PRACTICA_3\\routes\\libro\\libros.py', reloading
INFO:werkzeug: * Restarting with stat
INFO:werkzeug:[31m[1mWARNING: This is a development server. Do not use it in a production deployment. Use a production WSGI server instead.[0m
 * Running on http://127.0.0.1:5000
INFO:werkzeug:[33mPress CTRL+C to quit[0m
INFO:werkzeug: * Restarting with stat
WARNING:werkzeug: * Debugger is active!
INFO:werkzeug: * Debugger PIN: 879-829-383
INFO:werkzeug:127.0.0.1 - - [03/Nov/2023 14:00:39] "GET /index HTTP/1.1" 200 -
INFO:werkzeug:127.0.0.1 - - [03/Nov/2023 14:00:43] "[35m[1mGET /editar/1 HTTP/1.1[0m" 500 -
INFO:werkzeug:127.0.0.1 - - [03/Nov/2023 14:00:44] "GET /editar/1?__debugger__=yes&cmd=resource&f=style.css HTTP/1.1" 200 -
INFO:werkzeug:127.0.0.1 - - [03/Nov/2023 14:00:44] "GET /editar/1?__debugger__=yes&cmd=resource&f=debugger.js HTTP/1.1" 200 -
INFO:werkzeug:127.0.0.1 - - [03/Nov/2023 14:00:44] "GET /editar/1?__debugger__=yes&cmd=resource&f=console.png HTTP/1.1" 200 -
INFO:werkzeug:127.0.0.1 - - [03/Nov/2023 14:00:44] "[36mGET /editar/1?__debugger__=yes&cmd=resource&f=console.png HTTP/1.1[0m" 304 -
INFO:werkzeug: * Detected change in 'D:\\Cesar Castro\\Desktop\\Python\\Equipo1-Python\\UNIDAD 2\\PRACTICA_3\\routes\\libro\\libros.py', reloading
INFO:werkzeug: * Restarting with stat
WARNING:werkzeug: * Debugger is active!
INFO:werkzeug: * Debugger PIN: 879-829-383
INFO:werkzeug:[31m[1mWARNING: This is a development server. Do not use it in a production deployment. Use a production WSGI server instead.[0m
 * Running on http://127.0.0.1:5000
INFO:werkzeug:[33mPress CTRL+C to quit[0m
INFO:werkzeug: * Restarting with stat
WARNING:werkzeug: * Debugger is active!
INFO:werkzeug: * Debugger PIN: 879-829-383
INFO:werkzeug:127.0.0.1 - - [03/Nov/2023 14:01:38] "GET /editar/1 HTTP/1.1" 200 -
INFO:werkzeug:127.0.0.1 - - [03/Nov/2023 14:01:50] "GET /editar/1 HTTP/1.1" 200 -
INFO:werkzeug:127.0.0.1 - - [03/Nov/2023 14:01:57] "[35m[1mPOST /editar/1 HTTP/1.1[0m" 500 -
INFO:werkzeug:127.0.0.1 - - [03/Nov/2023 14:01:58] "[36mGET /editar/1?__debugger__=yes&cmd=resource&f=style.css HTTP/1.1[0m" 304 -
INFO:werkzeug:127.0.0.1 - - [03/Nov/2023 14:01:58] "[36mGET /editar/1?__debugger__=yes&cmd=resource&f=debugger.js HTTP/1.1[0m" 304 -
INFO:werkzeug:127.0.0.1 - - [03/Nov/2023 14:01:58] "[36mGET /editar/1?__debugger__=yes&cmd=resource&f=console.png HTTP/1.1[0m" 304 -
INFO:werkzeug:127.0.0.1 - - [03/Nov/2023 14:01:58] "[36mGET /editar/1?__debugger__=yes&cmd=resource&f=console.png HTTP/1.1[0m" 304 -
INFO:werkzeug: * Detected change in 'D:\\Cesar Castro\\Desktop\\Python\\Equipo1-Python\\UNIDAD 2\\PRACTICA_3\\routes\\libro\\libros.py', reloading
INFO:werkzeug: * Restarting with stat
WARNING:werkzeug: * Debugger is active!
INFO:werkzeug: * Debugger PIN: 879-829-383
INFO:werkzeug: * Detected change in 'D:\\Cesar Castro\\Desktop\\Python\\Equipo1-Python\\UNIDAD 2\\PRACTICA_3\\routes\\libro\\libros.py', reloading
INFO:werkzeug: * Restarting with stat
WARNING:werkzeug: * Debugger is active!
INFO:werkzeug: * Debugger PIN: 879-829-383
INFO:werkzeug: * Detected change in 'D:\\Cesar Castro\\Desktop\\Python\\Equipo1-Python\\UNIDAD 2\\PRACTICA_3\\routes\\libro\\libros.py', reloading
INFO:werkzeug: * Restarting with stat
INFO:werkzeug:[31m[1mWARNING: This is a development server. Do not use it in a production deployment. Use a production WSGI server instead.[0m
 * Running on http://127.0.0.1:5000
INFO:werkzeug:[33mPress CTRL+C to quit[0m
INFO:werkzeug: * Restarting with stat
WARNING:werkzeug: * Debugger is active!
INFO:werkzeug: * Debugger PIN: 879-829-383
INFO:werkzeug:127.0.0.1 - - [03/Nov/2023 14:02:24] "GET /editar/1 HTTP/1.1" 200 -
INFO:werkzeug:127.0.0.1 - - [03/Nov/2023 14:02:28] "[32mPOST /editar/1 HTTP/1.1[0m" 302 -
INFO:werkzeug:127.0.0.1 - - [03/Nov/2023 14:02:28] "GET /index HTTP/1.1" 200 -
INFO:werkzeug:127.0.0.1 - - [03/Nov/2023 14:02:38] "[32mGET /eliminar/2 HTTP/1.1[0m" 302 -
INFO:werkzeug:127.0.0.1 - - [03/Nov/2023 14:02:38] "GET /index HTTP/1.1" 200 -
INFO:werkzeug: * Detected change in 'D:\\Cesar Castro\\Desktop\\Python\\Equipo1-Python\\UNIDAD 2\\PRACTICA_3\\forms.py', reloading
INFO:werkzeug: * Restarting with stat
WARNING:werkzeug: * Debugger is active!
INFO:werkzeug: * Debugger PIN: 879-829-383
INFO:werkzeug: * Detected change in 'D:\\Cesar Castro\\Desktop\\Python\\Equipo1-Python\\UNIDAD 2\\PRACTICA_3\\routes\\libro\\libros.py', reloading
INFO:werkzeug: * Restarting with stat
WARNING:werkzeug: * Debugger is active!
INFO:werkzeug: * Debugger PIN: 879-829-383
INFO:werkzeug: * Detected change in 'D:\\Cesar Castro\\Desktop\\Python\\Equipo1-Python\\UNIDAD 2\\PRACTICA_3\\routes\\libro\\libros.py', reloading
INFO:werkzeug: * Restarting with stat
INFO:werkzeug: * Restarting with stat
INFO:werkzeug: * Restarting with stat
INFO:werkzeug: * Restarting with stat
INFO:werkzeug: * Restarting with stat
INFO:werkzeug: * Restarting with stat
INFO:werkzeug: * Restarting with stat
INFO:werkzeug: * Restarting with stat
INFO:werkzeug:[31m[1mWARNING: This is a development server. Do not use it in a production deployment. Use a production WSGI server instead.[0m
 * Running on http://127.0.0.1:5000
INFO:werkzeug:[33mPress CTRL+C to quit[0m
INFO:werkzeug: * Restarting with stat
WARNING:werkzeug: * Debugger is active!
INFO:werkzeug: * Debugger PIN: 879-829-383
INFO:werkzeug:127.0.0.1 - - [03/Nov/2023 14:18:23] "GET /index HTTP/1.1" 200 -
INFO:werkzeug:127.0.0.1 - - [03/Nov/2023 14:18:26] "[35m[1mGET /agregar HTTP/1.1[0m" 500 -
INFO:werkzeug:127.0.0.1 - - [03/Nov/2023 14:18:26] "[36mGET /agregar?__debugger__=yes&cmd=resource&f=style.css HTTP/1.1[0m" 304 -
INFO:werkzeug:127.0.0.1 - - [03/Nov/2023 14:18:26] "[36mGET /agregar?__debugger__=yes&cmd=resource&f=debugger.js HTTP/1.1[0m" 304 -
INFO:werkzeug:127.0.0.1 - - [03/Nov/2023 14:18:26] "[36mGET /agregar?__debugger__=yes&cmd=resource&f=console.png HTTP/1.1[0m" 304 -
INFO:werkzeug:127.0.0.1 - - [03/Nov/2023 14:18:26] "[36mGET /agregar?__debugger__=yes&cmd=resource&f=console.png HTTP/1.1[0m" 304 -
INFO:werkzeug: * Detected change in 'D:\\Cesar Castro\\Desktop\\Python\\Equipo1-Python\\UNIDAD 2\\PRACTICA_3\\routes\\libro\\libros.py', reloading
INFO:werkzeug: * Restarting with stat
WARNING:werkzeug: * Debugger is active!
INFO:werkzeug: * Debugger PIN: 879-829-383
INFO:werkzeug:[31m[1mWARNING: This is a development server. Do not use it in a production deployment. Use a production WSGI server instead.[0m
 * Running on http://127.0.0.1:5000
INFO:werkzeug:[33mPress CTRL+C to quit[0m
INFO:werkzeug: * Restarting with stat
WARNING:werkzeug: * Debugger is active!
INFO:werkzeug: * Debugger PIN: 879-829-383
INFO:werkzeug:127.0.0.1 - - [03/Nov/2023 14:21:39] "[35m[1mGET /agregar HTTP/1.1[0m" 500 -
INFO:werkzeug:127.0.0.1 - - [03/Nov/2023 14:21:39] "[36mGET /agregar?__debugger__=yes&cmd=resource&f=debugger.js HTTP/1.1[0m" 304 -
INFO:werkzeug:127.0.0.1 - - [03/Nov/2023 14:21:39] "[36mGET /agregar?__debugger__=yes&cmd=resource&f=style.css HTTP/1.1[0m" 304 -
INFO:werkzeug:127.0.0.1 - - [03/Nov/2023 14:21:39] "[36mGET /agregar?__debugger__=yes&cmd=resource&f=console.png HTTP/1.1[0m" 304 -
INFO:werkzeug:127.0.0.1 - - [03/Nov/2023 14:21:39] "[36mGET /agregar?__debugger__=yes&cmd=resource&f=console.png HTTP/1.1[0m" 304 -
INFO:werkzeug: * Detected change in 'D:\\Cesar Castro\\Desktop\\Python\\Equipo1-Python\\UNIDAD 2\\PRACTICA_3\\routes\\editorial\\editoriales.py', reloading
INFO:werkzeug: * Restarting with stat
WARNING:werkzeug: * Debugger is active!
INFO:werkzeug: * Debugger PIN: 879-829-383
INFO:werkzeug: * Detected change in 'D:\\Cesar Castro\\Desktop\\Python\\Equipo1-Python\\UNIDAD 2\\PRACTICA_3\\routes\\editorial\\editoriales.py', reloading
INFO:werkzeug: * Restarting with stat
WARNING:werkzeug: * Debugger is active!
INFO:werkzeug: * Debugger PIN: 879-829-383
INFO:werkzeug: * Detected change in 'D:\\Cesar Castro\\Desktop\\Python\\Equipo1-Python\\UNIDAD 2\\PRACTICA_3\\routes\\editorial\\editoriales.py', reloading
INFO:werkzeug: * Restarting with stat
WARNING:werkzeug: * Debugger is active!
INFO:werkzeug: * Debugger PIN: 879-829-383
INFO:werkzeug: * Detected change in 'D:\\Cesar Castro\\Desktop\\Python\\Equipo1-Python\\UNIDAD 2\\PRACTICA_3\\routes\\editorial\\editoriales.py', reloading
INFO:werkzeug: * Restarting with stat
WARNING:werkzeug: * Debugger is active!
INFO:werkzeug: * Debugger PIN: 879-829-383
INFO:werkzeug: * Detected change in 'D:\\Cesar Castro\\Desktop\\Python\\Equipo1-Python\\UNIDAD 2\\PRACTICA_3\\routes\\editorial\\editoriales.py', reloading
INFO:werkzeug: * Restarting with stat
WARNING:werkzeug: * Debugger is active!
INFO:werkzeug: * Debugger PIN: 879-829-383
INFO:werkzeug: * Detected change in 'D:\\Cesar Castro\\Desktop\\Python\\Equipo1-Python\\UNIDAD 2\\PRACTICA_3\\routes\\editorial\\editoriales.py', reloading
INFO:werkzeug: * Restarting with stat
WARNING:werkzeug: * Debugger is active!
INFO:werkzeug: * Debugger PIN: 879-829-383
INFO:werkzeug: * Detected change in 'D:\\Cesar Castro\\Desktop\\Python\\Equipo1-Python\\UNIDAD 2\\PRACTICA_3\\routes\\editorial\\editoriales.py', reloading
INFO:werkzeug: * Restarting with stat
WARNING:werkzeug: * Debugger is active!
INFO:werkzeug: * Debugger PIN: 879-829-383
INFO:werkzeug: * Detected change in 'D:\\Cesar Castro\\Desktop\\Python\\Equipo1-Python\\UNIDAD 2\\PRACTICA_3\\routes\\editorial\\editoriales.py', reloading
INFO:werkzeug: * Restarting with stat
WARNING:werkzeug: * Debugger is active!
INFO:werkzeug: * Debugger PIN: 879-829-383
INFO:werkzeug: * Detected change in 'D:\\Cesar Castro\\Desktop\\Python\\Equipo1-Python\\UNIDAD 2\\PRACTICA_3\\routes\\editorial\\editoriales.py', reloading
INFO:werkzeug: * Restarting with stat
WARNING:werkzeug: * Debugger is active!
INFO:werkzeug: * Debugger PIN: 879-829-383
INFO:werkzeug: * Detected change in 'D:\\Cesar Castro\\Desktop\\Python\\Equipo1-Python\\UNIDAD 2\\PRACTICA_3\\routes\\editorial\\editoriales.py', reloading
INFO:werkzeug: * Restarting with stat
WARNING:werkzeug: * Debugger is active!
INFO:werkzeug: * Debugger PIN: 879-829-383
INFO:werkzeug: * Detected change in 'D:\\Cesar Castro\\Desktop\\Python\\Equipo1-Python\\UNIDAD 2\\PRACTICA_3\\routes\\editorial\\editoriales.py', reloading
INFO:werkzeug: * Restarting with stat
WARNING:werkzeug: * Debugger is active!
INFO:werkzeug: * Debugger PIN: 879-829-383
INFO:werkzeug: * Detected change in 'D:\\Cesar Castro\\Desktop\\Python\\Equipo1-Python\\UNIDAD 2\\PRACTICA_3\\routes\\editorial\\editoriales.py', reloading
INFO:werkzeug: * Restarting with stat
WARNING:werkzeug: * Debugger is active!
INFO:werkzeug: * Debugger PIN: 879-829-383
INFO:werkzeug: * Detected change in 'D:\\Cesar Castro\\Desktop\\Python\\Equipo1-Python\\UNIDAD 2\\PRACTICA_3\\routes\\editorial\\editoriales.py', reloading
INFO:werkzeug: * Restarting with stat
WARNING:werkzeug: * Debugger is active!
INFO:werkzeug: * Debugger PIN: 879-829-383
INFO:werkzeug: * Detected change in 'D:\\Cesar Castro\\Desktop\\Python\\Equipo1-Python\\UNIDAD 2\\PRACTICA_3\\routes\\editorial\\editoriales.py', reloading
INFO:werkzeug: * Restarting with stat
WARNING:werkzeug: * Debugger is active!
INFO:werkzeug: * Debugger PIN: 879-829-383
INFO:werkzeug: * Detected change in 'D:\\Cesar Castro\\Desktop\\Python\\Equipo1-Python\\UNIDAD 2\\PRACTICA_3\\routes\\editorial\\editoriales.py', reloading
INFO:werkzeug: * Restarting with stat
WARNING:werkzeug: * Debugger is active!
INFO:werkzeug: * Debugger PIN: 879-829-383
INFO:werkzeug: * Detected change in 'D:\\Cesar Castro\\Desktop\\Python\\Equipo1-Python\\UNIDAD 2\\PRACTICA_3\\routes\\editorial\\editoriales.py', reloading
INFO:werkzeug: * Restarting with stat
WARNING:werkzeug: * Debugger is active!
INFO:werkzeug: * Debugger PIN: 879-829-383
INFO:werkzeug: * Detected change in 'D:\\Cesar Castro\\Desktop\\Python\\Equipo1-Python\\UNIDAD 2\\PRACTICA_3\\routes\\editorial\\editoriales.py', reloading
INFO:werkzeug: * Restarting with stat
WARNING:werkzeug: * Debugger is active!
INFO:werkzeug: * Debugger PIN: 879-829-383
INFO:werkzeug: * Detected change in 'D:\\Cesar Castro\\Desktop\\Python\\Equipo1-Python\\UNIDAD 2\\PRACTICA_3\\routes\\editorial\\editoriales.py', reloading
INFO:werkzeug: * Restarting with stat
WARNING:werkzeug: * Debugger is active!
INFO:werkzeug: * Debugger PIN: 879-829-383
INFO:werkzeug: * Detected change in 'D:\\Cesar Castro\\Desktop\\Python\\Equipo1-Python\\UNIDAD 2\\PRACTICA_3\\routes\\libro\\libros.py', reloading
INFO:werkzeug: * Restarting with stat
INFO:werkzeug:[31m[1mWARNING: This is a development server. Do not use it in a production deployment. Use a production WSGI server instead.[0m
 * Running on http://127.0.0.1:5000
INFO:werkzeug:[33mPress CTRL+C to quit[0m
INFO:werkzeug: * Restarting with stat
WARNING:werkzeug: * Debugger is active!
INFO:werkzeug: * Debugger PIN: 879-829-383
INFO:werkzeug:127.0.0.1 - - [03/Nov/2023 14:27:50] "[35m[1mGET /agregar HTTP/1.1[0m" 500 -
INFO:werkzeug:127.0.0.1 - - [03/Nov/2023 14:27:50] "[36mGET /agregar?__debugger__=yes&cmd=resource&f=debugger.js HTTP/1.1[0m" 304 -
INFO:werkzeug:127.0.0.1 - - [03/Nov/2023 14:27:50] "[36mGET /agregar?__debugger__=yes&cmd=resource&f=style.css HTTP/1.1[0m" 304 -
INFO:werkzeug:127.0.0.1 - - [03/Nov/2023 14:27:50] "[36mGET /agregar?__debugger__=yes&cmd=resource&f=console.png HTTP/1.1[0m" 304 -
INFO:werkzeug:127.0.0.1 - - [03/Nov/2023 14:27:50] "[36mGET /agregar?__debugger__=yes&cmd=resource&f=console.png HTTP/1.1[0m" 304 -
INFO:werkzeug: * Detected change in 'D:\\Cesar Castro\\Desktop\\Python\\Equipo1-Python\\UNIDAD 2\\PRACTICA_3\\routes\\libro\\libros.py', reloading
INFO:werkzeug: * Restarting with stat
WARNING:werkzeug: * Debugger is active!
INFO:werkzeug: * Debugger PIN: 879-829-383
INFO:werkzeug:[31m[1mWARNING: This is a development server. Do not use it in a production deployment. Use a production WSGI server instead.[0m
 * Running on http://127.0.0.1:5000
INFO:werkzeug:[33mPress CTRL+C to quit[0m
INFO:werkzeug: * Restarting with stat
WARNING:werkzeug: * Debugger is active!
INFO:werkzeug: * Debugger PIN: 879-829-383
INFO:werkzeug:127.0.0.1 - - [03/Nov/2023 14:28:19] "[35m[1mGET /agregar HTTP/1.1[0m" 500 -
INFO:werkzeug:127.0.0.1 - - [03/Nov/2023 14:28:19] "[36mGET /agregar?__debugger__=yes&cmd=resource&f=style.css HTTP/1.1[0m" 304 -
INFO:werkzeug:127.0.0.1 - - [03/Nov/2023 14:28:19] "[36mGET /agregar?__debugger__=yes&cmd=resource&f=debugger.js HTTP/1.1[0m" 304 -
INFO:werkzeug:127.0.0.1 - - [03/Nov/2023 14:28:19] "[36mGET /agregar?__debugger__=yes&cmd=resource&f=console.png HTTP/1.1[0m" 304 -
INFO:werkzeug:127.0.0.1 - - [03/Nov/2023 14:28:19] "[36mGET /agregar?__debugger__=yes&cmd=resource&f=console.png HTTP/1.1[0m" 304 -
INFO:werkzeug: * Detected change in 'D:\\Cesar Castro\\Desktop\\Python\\Equipo1-Python\\UNIDAD 2\\PRACTICA_3\\routes\\libro\\libros.py', reloading
INFO:werkzeug: * Restarting with stat
INFO:werkzeug:[31m[1mWARNING: This is a development server. Do not use it in a production deployment. Use a production WSGI server instead.[0m
 * Running on http://127.0.0.1:5000
INFO:werkzeug:[33mPress CTRL+C to quit[0m
INFO:werkzeug: * Restarting with stat
WARNING:werkzeug: * Debugger is active!
INFO:werkzeug: * Debugger PIN: 879-829-383
INFO:werkzeug:127.0.0.1 - - [03/Nov/2023 14:28:47] "[35m[1mGET /agregar HTTP/1.1[0m" 500 -
INFO:werkzeug:127.0.0.1 - - [03/Nov/2023 14:28:47] "[36mGET /agregar?__debugger__=yes&cmd=resource&f=style.css HTTP/1.1[0m" 304 -
INFO:werkzeug:127.0.0.1 - - [03/Nov/2023 14:28:47] "[36mGET /agregar?__debugger__=yes&cmd=resource&f=debugger.js HTTP/1.1[0m" 304 -
INFO:werkzeug:127.0.0.1 - - [03/Nov/2023 14:28:47] "[36mGET /agregar?__debugger__=yes&cmd=resource&f=console.png HTTP/1.1[0m" 304 -
INFO:werkzeug:127.0.0.1 - - [03/Nov/2023 14:28:47] "[36mGET /agregar?__debugger__=yes&cmd=resource&f=console.png HTTP/1.1[0m" 304 -
INFO:werkzeug: * Detected change in 'D:\\Cesar Castro\\Desktop\\Python\\Equipo1-Python\\UNIDAD 2\\PRACTICA_3\\routes\\libro\\libros.py', reloading
INFO:werkzeug: * Restarting with stat
WARNING:werkzeug: * Debugger is active!
INFO:werkzeug: * Debugger PIN: 879-829-383
INFO:werkzeug: * Detected change in 'D:\\Cesar Castro\\Desktop\\Python\\Equipo1-Python\\UNIDAD 2\\PRACTICA_3\\routes\\libro\\libros.py', reloading
INFO:werkzeug: * Restarting with stat
WARNING:werkzeug: * Debugger is active!
INFO:werkzeug: * Debugger PIN: 879-829-383
INFO:werkzeug: * Detected change in 'D:\\Cesar Castro\\Desktop\\Python\\Equipo1-Python\\UNIDAD 2\\PRACTICA_3\\routes\\libro\\libros.py', reloading
INFO:werkzeug: * Restarting with stat
WARNING:werkzeug: * Debugger is active!
INFO:werkzeug: * Debugger PIN: 879-829-383
INFO:werkzeug: * Detected change in 'D:\\Cesar Castro\\Desktop\\Python\\Equipo1-Python\\UNIDAD 2\\PRACTICA_3\\routes\\libro\\libros.py', reloading
INFO:werkzeug: * Restarting with stat
WARNING:werkzeug: * Debugger is active!
INFO:werkzeug: * Debugger PIN: 879-829-383
INFO:werkzeug:[31m[1mWARNING: This is a development server. Do not use it in a production deployment. Use a production WSGI server instead.[0m
 * Running on http://127.0.0.1:5000
INFO:werkzeug:[33mPress CTRL+C to quit[0m
INFO:werkzeug: * Restarting with stat
WARNING:werkzeug: * Debugger is active!
INFO:werkzeug: * Debugger PIN: 879-829-383
INFO:werkzeug:127.0.0.1 - - [03/Nov/2023 14:29:26] "[35m[1mGET /agregar HTTP/1.1[0m" 500 -
INFO:werkzeug:127.0.0.1 - - [03/Nov/2023 14:29:26] "[36mGET /agregar?__debugger__=yes&cmd=resource&f=debugger.js HTTP/1.1[0m" 304 -
INFO:werkzeug:127.0.0.1 - - [03/Nov/2023 14:29:26] "[36mGET /agregar?__debugger__=yes&cmd=resource&f=style.css HTTP/1.1[0m" 304 -
INFO:werkzeug:127.0.0.1 - - [03/Nov/2023 14:29:26] "[36mGET /agregar?__debugger__=yes&cmd=resource&f=console.png HTTP/1.1[0m" 304 -
INFO:werkzeug:127.0.0.1 - - [03/Nov/2023 14:29:26] "[36mGET /agregar?__debugger__=yes&cmd=resource&f=console.png HTTP/1.1[0m" 304 -
INFO:werkzeug: * Detected change in 'D:\\Cesar Castro\\Desktop\\Python\\Equipo1-Python\\UNIDAD 2\\PRACTICA_3\\routes\\libro\\libros.py', reloading
INFO:werkzeug: * Restarting with stat
INFO:werkzeug: * Restarting with stat
INFO:werkzeug: * Restarting with stat
WARNING:werkzeug: * Debugger is active!
INFO:werkzeug: * Debugger PIN: 879-829-383
INFO:werkzeug: * Detected change in 'D:\\Cesar Castro\\Desktop\\Python\\Equipo1-Python\\UNIDAD 2\\PRACTICA_3\\routes\\libro\\libros.py', reloading
INFO:werkzeug: * Restarting with stat
WARNING:werkzeug: * Debugger is active!
INFO:werkzeug: * Debugger PIN: 879-829-383
INFO:werkzeug:[31m[1mWARNING: This is a development server. Do not use it in a production deployment. Use a production WSGI server instead.[0m
 * Running on http://127.0.0.1:5000
INFO:werkzeug:[33mPress CTRL+C to quit[0m
INFO:werkzeug: * Restarting with stat
WARNING:werkzeug: * Debugger is active!
INFO:werkzeug: * Debugger PIN: 879-829-383
INFO:werkzeug:127.0.0.1 - - [03/Nov/2023 14:31:27] "[35m[1mGET /agregar HTTP/1.1[0m" 500 -
INFO:werkzeug:127.0.0.1 - - [03/Nov/2023 14:31:27] "[36mGET /agregar?__debugger__=yes&cmd=resource&f=style.css HTTP/1.1[0m" 304 -
INFO:werkzeug:127.0.0.1 - - [03/Nov/2023 14:31:27] "[36mGET /agregar?__debugger__=yes&cmd=resource&f=debugger.js HTTP/1.1[0m" 304 -
INFO:werkzeug:127.0.0.1 - - [03/Nov/2023 14:31:27] "[36mGET /agregar?__debugger__=yes&cmd=resource&f=console.png HTTP/1.1[0m" 304 -
INFO:werkzeug:127.0.0.1 - - [03/Nov/2023 14:31:27] "[36mGET /agregar?__debugger__=yes&cmd=resource&f=console.png HTTP/1.1[0m" 304 -
INFO:werkzeug:[31m[1mWARNING: This is a development server. Do not use it in a production deployment. Use a production WSGI server instead.[0m
 * Running on http://127.0.0.1:5000
INFO:werkzeug:[33mPress CTRL+C to quit[0m
INFO:werkzeug: * Restarting with stat
WARNING:werkzeug: * Debugger is active!
INFO:werkzeug: * Debugger PIN: 879-829-383
INFO:werkzeug:127.0.0.1 - - [03/Nov/2023 14:31:45] "[35m[1mGET /agregar HTTP/1.1[0m" 500 -
INFO:werkzeug:127.0.0.1 - - [03/Nov/2023 14:31:45] "[36mGET /agregar?__debugger__=yes&cmd=resource&f=style.css HTTP/1.1[0m" 304 -
INFO:werkzeug:127.0.0.1 - - [03/Nov/2023 14:31:45] "[36mGET /agregar?__debugger__=yes&cmd=resource&f=debugger.js HTTP/1.1[0m" 304 -
INFO:werkzeug:127.0.0.1 - - [03/Nov/2023 14:31:45] "[36mGET /agregar?__debugger__=yes&cmd=resource&f=console.png HTTP/1.1[0m" 304 -
INFO:werkzeug:127.0.0.1 - - [03/Nov/2023 14:31:45] "[36mGET /agregar?__debugger__=yes&cmd=resource&f=console.png HTTP/1.1[0m" 304 -
INFO:werkzeug:127.0.0.1 - - [03/Nov/2023 14:31:47] "[35m[1mGET /agregar HTTP/1.1[0m" 500 -
INFO:werkzeug:127.0.0.1 - - [03/Nov/2023 14:31:47] "[36mGET /agregar?__debugger__=yes&cmd=resource&f=style.css HTTP/1.1[0m" 304 -
INFO:werkzeug:127.0.0.1 - - [03/Nov/2023 14:31:47] "[36mGET /agregar?__debugger__=yes&cmd=resource&f=debugger.js HTTP/1.1[0m" 304 -
INFO:werkzeug:127.0.0.1 - - [03/Nov/2023 14:31:47] "[36mGET /agregar?__debugger__=yes&cmd=resource&f=console.png HTTP/1.1[0m" 304 -
INFO:werkzeug:127.0.0.1 - - [03/Nov/2023 14:31:47] "[36mGET /agregar?__debugger__=yes&cmd=resource&f=console.png HTTP/1.1[0m" 304 -
INFO:werkzeug: * Detected change in 'D:\\Cesar Castro\\Desktop\\Python\\Equipo1-Python\\UNIDAD 2\\PRACTICA_3\\routes\\libro\\libros.py', reloading
INFO:werkzeug: * Restarting with stat
WARNING:werkzeug: * Debugger is active!
INFO:werkzeug: * Debugger PIN: 879-829-383
INFO:werkzeug: * Detected change in 'D:\\Cesar Castro\\Desktop\\Python\\Equipo1-Python\\UNIDAD 2\\PRACTICA_3\\routes\\libro\\libros.py', reloading
INFO:werkzeug: * Restarting with stat
WARNING:werkzeug: * Debugger is active!
INFO:werkzeug: * Debugger PIN: 879-829-383
INFO:werkzeug: * Detected change in 'D:\\Cesar Castro\\Desktop\\Python\\Equipo1-Python\\UNIDAD 2\\PRACTICA_3\\routes\\libro\\libros.py', reloading
INFO:werkzeug: * Restarting with stat
INFO:werkzeug: * Restarting with stat
WARNING:werkzeug: * Debugger is active!
INFO:werkzeug: * Debugger PIN: 879-829-383
INFO:werkzeug:[31m[1mWARNING: This is a development server. Do not use it in a production deployment. Use a production WSGI server instead.[0m
 * Running on http://127.0.0.1:5000
INFO:werkzeug:[33mPress CTRL+C to quit[0m
INFO:werkzeug: * Restarting with stat
WARNING:werkzeug: * Debugger is active!
INFO:werkzeug: * Debugger PIN: 879-829-383
INFO:werkzeug:127.0.0.1 - - [03/Nov/2023 14:32:36] "GET /agregar HTTP/1.1" 200 -
INFO:werkzeug: * Detected change in 'D:\\Cesar Castro\\Desktop\\Python\\Equipo1-Python\\UNIDAD 2\\PRACTICA_3\\forms.py', reloading
INFO:werkzeug: * Restarting with stat
WARNING:werkzeug: * Debugger is active!
INFO:werkzeug: * Debugger PIN: 879-829-383
INFO:werkzeug: * Detected change in 'D:\\Cesar Castro\\Desktop\\Python\\Equipo1-Python\\UNIDAD 2\\PRACTICA_3\\routes\\libro\\libros.py', reloading
INFO:werkzeug: * Restarting with stat
WARNING:werkzeug: * Debugger is active!
INFO:werkzeug: * Debugger PIN: 879-829-383
INFO:werkzeug: * Detected change in 'D:\\Cesar Castro\\Desktop\\Python\\Equipo1-Python\\UNIDAD 2\\PRACTICA_3\\routes\\libro\\libros.py', reloading
INFO:werkzeug: * Restarting with stat
WARNING:werkzeug: * Debugger is active!
INFO:werkzeug: * Debugger PIN: 879-829-383
INFO:werkzeug: * Detected change in 'D:\\Cesar Castro\\Desktop\\Python\\Equipo1-Python\\UNIDAD 2\\PRACTICA_3\\routes\\libro\\libros.py', reloading
INFO:werkzeug: * Restarting with stat
INFO:werkzeug: * Restarting with stat
WARNING:werkzeug: * Debugger is active!
INFO:werkzeug: * Debugger PIN: 879-829-383
INFO:werkzeug: * Detected change in 'D:\\Cesar Castro\\Desktop\\Python\\Equipo1-Python\\UNIDAD 2\\PRACTICA_3\\routes\\libro\\libros.py', reloading
INFO:werkzeug: * Restarting with stat
WARNING:werkzeug: * Debugger is active!
INFO:werkzeug: * Debugger PIN: 879-829-383
INFO:werkzeug: * Detected change in 'D:\\Cesar Castro\\Desktop\\Python\\Equipo1-Python\\UNIDAD 2\\PRACTICA_3\\routes\\libro\\libros.py', reloading
INFO:werkzeug: * Restarting with stat
WARNING:werkzeug: * Debugger is active!
INFO:werkzeug: * Debugger PIN: 879-829-383
INFO:werkzeug: * Detected change in 'D:\\Cesar Castro\\Desktop\\Python\\Equipo1-Python\\UNIDAD 2\\PRACTICA_3\\routes\\libro\\libros.py', reloading
INFO:werkzeug: * Restarting with stat
WARNING:werkzeug: * Debugger is active!
INFO:werkzeug: * Debugger PIN: 879-829-383
INFO:werkzeug: * Detected change in 'D:\\Cesar Castro\\Desktop\\Python\\Equipo1-Python\\UNIDAD 2\\PRACTICA_3\\routes\\libro\\libros.py', reloading
INFO:werkzeug: * Restarting with stat
WARNING:werkzeug: * Debugger is active!
INFO:werkzeug: * Debugger PIN: 879-829-383
INFO:werkzeug: * Detected change in 'D:\\Cesar Castro\\Desktop\\Python\\Equipo1-Python\\UNIDAD 2\\PRACTICA_3\\routes\\libro\\libros.py', reloading
INFO:werkzeug: * Restarting with stat
WARNING:werkzeug: * Debugger is active!
INFO:werkzeug: * Debugger PIN: 879-829-383
INFO:werkzeug: * Detected change in 'D:\\Cesar Castro\\Desktop\\Python\\Equipo1-Python\\UNIDAD 2\\PRACTICA_3\\routes\\libro\\libros.py', reloading
INFO:werkzeug: * Restarting with stat
WARNING:werkzeug: * Debugger is active!
INFO:werkzeug: * Debugger PIN: 879-829-383
INFO:werkzeug: * Detected change in 'D:\\Cesar Castro\\Desktop\\Python\\Equipo1-Python\\UNIDAD 2\\PRACTICA_3\\routes\\libro\\libros.py', reloading
INFO:werkzeug: * Restarting with stat
WARNING:werkzeug: * Debugger is active!
INFO:werkzeug: * Debugger PIN: 879-829-383
INFO:werkzeug:[31m[1mWARNING: This is a development server. Do not use it in a production deployment. Use a production WSGI server instead.[0m
 * Running on http://127.0.0.1:5000
INFO:werkzeug:[33mPress CTRL+C to quit[0m
INFO:werkzeug: * Restarting with stat
WARNING:werkzeug: * Debugger is active!
INFO:werkzeug: * Debugger PIN: 879-829-383
INFO:werkzeug:127.0.0.1 - - [03/Nov/2023 14:36:49] "GET /agregar HTTP/1.1" 200 -
INFO:werkzeug: * Detected change in 'D:\\Cesar Castro\\Desktop\\Python\\Equipo1-Python\\UNIDAD 2\\PRACTICA_3\\routes\\editorial\\editoralesView.py', reloading
INFO:werkzeug: * Restarting with stat
WARNING:werkzeug: * Debugger is active!
INFO:werkzeug: * Debugger PIN: 879-829-383
INFO:werkzeug: * Detected change in 'D:\\Cesar Castro\\Desktop\\Python\\Equipo1-Python\\UNIDAD 2\\PRACTICA_3\\routes\\editorial\\editoralesView.py', reloading
INFO:werkzeug: * Restarting with stat
WARNING:werkzeug: * Debugger is active!
INFO:werkzeug: * Debugger PIN: 879-829-383
INFO:werkzeug: * Detected change in 'D:\\Cesar Castro\\Desktop\\Python\\Equipo1-Python\\UNIDAD 2\\PRACTICA_3\\routes\\editorial\\editoralesView.py', reloading
INFO:werkzeug: * Restarting with stat
WARNING:werkzeug: * Debugger is active!
INFO:werkzeug: * Debugger PIN: 879-829-383
INFO:werkzeug: * Detected change in 'D:\\Cesar Castro\\Desktop\\Python\\Equipo1-Python\\UNIDAD 2\\PRACTICA_3\\routes\\editorial\\editoralesView.py', reloading
INFO:werkzeug: * Restarting with stat
WARNING:werkzeug: * Debugger is active!
INFO:werkzeug: * Debugger PIN: 879-829-383
INFO:werkzeug: * Detected change in 'D:\\Cesar Castro\\Desktop\\Python\\Equipo1-Python\\UNIDAD 2\\PRACTICA_3\\routes\\editorial\\editoralesView.py', reloading
INFO:werkzeug: * Restarting with stat
WARNING:werkzeug: * Debugger is active!
INFO:werkzeug: * Debugger PIN: 879-829-383
INFO:werkzeug: * Detected change in 'D:\\Cesar Castro\\Desktop\\Python\\Equipo1-Python\\UNIDAD 2\\PRACTICA_3\\routes\\editorial\\editoralesView.py', reloading
INFO:werkzeug: * Restarting with stat
WARNING:werkzeug: * Debugger is active!
INFO:werkzeug: * Debugger PIN: 879-829-383
INFO:werkzeug: * Detected change in 'D:\\Cesar Castro\\Desktop\\Python\\Equipo1-Python\\UNIDAD 2\\PRACTICA_3\\routes\\editorial\\editoralesView.py', reloading
INFO:werkzeug: * Restarting with stat
WARNING:werkzeug: * Debugger is active!
INFO:werkzeug: * Debugger PIN: 879-829-383
INFO:werkzeug: * Detected change in 'D:\\Cesar Castro\\Desktop\\Python\\Equipo1-Python\\UNIDAD 2\\PRACTICA_3\\routes\\editorial\\editoralesView.py', reloading
INFO:werkzeug: * Restarting with stat
WARNING:werkzeug: * Debugger is active!
INFO:werkzeug: * Debugger PIN: 879-829-383
INFO:werkzeug: * Detected change in 'D:\\Cesar Castro\\Desktop\\Python\\Equipo1-Python\\UNIDAD 2\\PRACTICA_3\\routes\\editorial\\editoralesView.py', reloading
INFO:werkzeug: * Restarting with stat
WARNING:werkzeug: * Debugger is active!
INFO:werkzeug: * Debugger PIN: 879-829-383
INFO:werkzeug: * Detected change in 'D:\\Cesar Castro\\Desktop\\Python\\Equipo1-Python\\UNIDAD 2\\PRACTICA_3\\routes\\editorial\\editoralesView.py', reloading
INFO:werkzeug: * Restarting with stat
WARNING:werkzeug: * Debugger is active!
INFO:werkzeug: * Debugger PIN: 879-829-383
INFO:werkzeug: * Detected change in 'D:\\Cesar Castro\\Desktop\\Python\\Equipo1-Python\\UNIDAD 2\\PRACTICA_3\\routes\\editorial\\editoralesView.py', reloading
INFO:werkzeug: * Restarting with stat
WARNING:werkzeug: * Debugger is active!
INFO:werkzeug: * Debugger PIN: 879-829-383
INFO:werkzeug: * Detected change in 'D:\\Cesar Castro\\Desktop\\Python\\Equipo1-Python\\UNIDAD 2\\PRACTICA_3\\routes\\editorial\\editoralesView.py', reloading
INFO:werkzeug: * Restarting with stat
WARNING:werkzeug: * Debugger is active!
INFO:werkzeug: * Debugger PIN: 879-829-383
INFO:werkzeug: * Detected change in 'D:\\Cesar Castro\\Desktop\\Python\\Equipo1-Python\\UNIDAD 2\\PRACTICA_3\\routes\\editorial\\editoralesView.py', reloading
INFO:werkzeug: * Restarting with stat
WARNING:werkzeug: * Debugger is active!
INFO:werkzeug: * Debugger PIN: 879-829-383
INFO:werkzeug: * Detected change in 'D:\\Cesar Castro\\Desktop\\Python\\Equipo1-Python\\UNIDAD 2\\PRACTICA_3\\routes\\editorial\\editoralesView.py', reloading
INFO:werkzeug: * Restarting with stat
WARNING:werkzeug: * Debugger is active!
INFO:werkzeug: * Debugger PIN: 879-829-383
INFO:werkzeug: * Detected change in 'D:\\Cesar Castro\\Desktop\\Python\\Equipo1-Python\\UNIDAD 2\\PRACTICA_3\\routes\\editorial\\editoralesView.py', reloading
INFO:werkzeug: * Restarting with stat
WARNING:werkzeug: * Debugger is active!
INFO:werkzeug: * Debugger PIN: 879-829-383
INFO:werkzeug: * Detected change in 'D:\\Cesar Castro\\Desktop\\Python\\Equipo1-Python\\UNIDAD 2\\PRACTICA_3\\routes\\editorial\\editoralesView.py', reloading
INFO:werkzeug: * Restarting with stat
WARNING:werkzeug: * Debugger is active!
INFO:werkzeug: * Debugger PIN: 879-829-383
INFO:werkzeug: * Detected change in 'D:\\Cesar Castro\\Desktop\\Python\\Equipo1-Python\\UNIDAD 2\\PRACTICA_3\\routes\\editorial\\editoralesView.py', reloading
INFO:werkzeug: * Restarting with stat
WARNING:werkzeug: * Debugger is active!
INFO:werkzeug: * Debugger PIN: 879-829-383
INFO:werkzeug: * Detected change in 'D:\\Cesar Castro\\Desktop\\Python\\Equipo1-Python\\UNIDAD 2\\PRACTICA_3\\routes\\editorial\\editoralesView.py', reloading
INFO:werkzeug: * Restarting with stat
WARNING:werkzeug: * Debugger is active!
INFO:werkzeug: * Debugger PIN: 879-829-383
INFO:werkzeug: * Detected change in 'D:\\Cesar Castro\\Desktop\\Python\\Equipo1-Python\\UNIDAD 2\\PRACTICA_3\\routes\\editorial\\editoralesView.py', reloading
INFO:werkzeug: * Restarting with stat
WARNING:werkzeug: * Debugger is active!
INFO:werkzeug: * Debugger PIN: 879-829-383
INFO:werkzeug: * Detected change in 'D:\\Cesar Castro\\Desktop\\Python\\Equipo1-Python\\UNIDAD 2\\PRACTICA_3\\routes\\editorial\\editoralesView.py', reloading
INFO:werkzeug: * Restarting with stat
WARNING:werkzeug: * Debugger is active!
INFO:werkzeug: * Debugger PIN: 879-829-383
INFO:werkzeug: * Detected change in 'D:\\Cesar Castro\\Desktop\\Python\\Equipo1-Python\\UNIDAD 2\\PRACTICA_3\\routes\\editorial\\editoralesView.py', reloading
INFO:werkzeug: * Restarting with stat
WARNING:werkzeug: * Debugger is active!
INFO:werkzeug: * Debugger PIN: 879-829-383
INFO:werkzeug: * Detected change in 'D:\\Cesar Castro\\Desktop\\Python\\Equipo1-Python\\UNIDAD 2\\PRACTICA_3\\routes\\editorial\\editoralesView.py', reloading
INFO:werkzeug: * Restarting with stat
WARNING:werkzeug: * Debugger is active!
INFO:werkzeug: * Debugger PIN: 879-829-383
INFO:werkzeug: * Detected change in 'D:\\Cesar Castro\\Desktop\\Python\\Equipo1-Python\\UNIDAD 2\\PRACTICA_3\\routes\\editorial\\editoralesView.py', reloading
INFO:werkzeug: * Restarting with stat
WARNING:werkzeug: * Debugger is active!
INFO:werkzeug: * Debugger PIN: 879-829-383
INFO:werkzeug: * Detected change in 'D:\\Cesar Castro\\Desktop\\Python\\Equipo1-Python\\UNIDAD 2\\PRACTICA_3\\routes\\editorial\\editoralesView.py', reloading
INFO:werkzeug: * Restarting with stat
WARNING:werkzeug: * Debugger is active!
INFO:werkzeug: * Debugger PIN: 879-829-383
INFO:werkzeug: * Detected change in 'D:\\Cesar Castro\\Desktop\\Python\\Equipo1-Python\\UNIDAD 2\\PRACTICA_3\\routes\\editorial\\editoralesView.py', reloading
INFO:werkzeug: * Restarting with stat
WARNING:werkzeug: * Debugger is active!
INFO:werkzeug: * Debugger PIN: 879-829-383
INFO:werkzeug: * Detected change in 'D:\\Cesar Castro\\Desktop\\Python\\Equipo1-Python\\UNIDAD 2\\PRACTICA_3\\routes\\editorial\\editoralesView.py', reloading
INFO:werkzeug: * Restarting with stat
WARNING:werkzeug: * Debugger is active!
INFO:werkzeug: * Debugger PIN: 879-829-383
INFO:werkzeug: * Detected change in 'D:\\Cesar Castro\\Desktop\\Python\\Equipo1-Python\\UNIDAD 2\\PRACTICA_3\\routes\\editorial\\editoralesView.py', reloading
INFO:werkzeug: * Restarting with stat
WARNING:werkzeug: * Debugger is active!
INFO:werkzeug: * Debugger PIN: 879-829-383
INFO:werkzeug: * Detected change in 'D:\\Cesar Castro\\Desktop\\Python\\Equipo1-Python\\UNIDAD 2\\PRACTICA_3\\routes\\editorial\\editoralesView.py', reloading
INFO:werkzeug: * Restarting with stat
WARNING:werkzeug: * Debugger is active!
INFO:werkzeug: * Debugger PIN: 879-829-383
INFO:werkzeug: * Detected change in 'D:\\Cesar Castro\\Desktop\\Python\\Equipo1-Python\\UNIDAD 2\\PRACTICA_3\\routes\\editorial\\editoralesView.py', reloading
INFO:werkzeug: * Restarting with stat
WARNING:werkzeug: * Debugger is active!
INFO:werkzeug: * Debugger PIN: 879-829-383
INFO:werkzeug: * Detected change in 'D:\\Cesar Castro\\Desktop\\Python\\Equipo1-Python\\UNIDAD 2\\PRACTICA_3\\routes\\editorial\\editoralesView.py', reloading
INFO:werkzeug: * Restarting with stat
WARNING:werkzeug: * Debugger is active!
INFO:werkzeug: * Debugger PIN: 879-829-383
INFO:werkzeug: * Detected change in 'D:\\Cesar Castro\\Desktop\\Python\\Equipo1-Python\\UNIDAD 2\\PRACTICA_3\\routes\\editorial\\editoralesView.py', reloading
INFO:werkzeug: * Restarting with stat
WARNING:werkzeug: * Debugger is active!
INFO:werkzeug: * Debugger PIN: 879-829-383
INFO:werkzeug: * Detected change in 'D:\\Cesar Castro\\Desktop\\Python\\Equipo1-Python\\UNIDAD 2\\PRACTICA_3\\routes\\editorial\\editoralesView.py', reloading
INFO:werkzeug: * Restarting with stat
WARNING:werkzeug: * Debugger is active!
INFO:werkzeug: * Debugger PIN: 879-829-383
INFO:werkzeug: * Detected change in 'D:\\Cesar Castro\\Desktop\\Python\\Equipo1-Python\\UNIDAD 2\\PRACTICA_3\\routes\\editorial\\editoralesView.py', reloading
INFO:werkzeug: * Restarting with stat
WARNING:werkzeug: * Debugger is active!
INFO:werkzeug: * Debugger PIN: 879-829-383
INFO:werkzeug: * Detected change in 'D:\\Cesar Castro\\Desktop\\Python\\Equipo1-Python\\UNIDAD 2\\PRACTICA_3\\routes\\editorial\\editoralesView.py', reloading
INFO:werkzeug: * Restarting with stat
WARNING:werkzeug: * Debugger is active!
INFO:werkzeug: * Debugger PIN: 879-829-383
INFO:werkzeug: * Detected change in 'D:\\Cesar Castro\\Desktop\\Python\\Equipo1-Python\\UNIDAD 2\\PRACTICA_3\\routes\\editorial\\editoralesView.py', reloading
INFO:werkzeug: * Restarting with stat
WARNING:werkzeug: * Debugger is active!
INFO:werkzeug: * Debugger PIN: 879-829-383
INFO:werkzeug: * Detected change in 'D:\\Cesar Castro\\Desktop\\Python\\Equipo1-Python\\UNIDAD 2\\PRACTICA_3\\routes\\editorial\\editoralesView.py', reloading
INFO:werkzeug: * Restarting with stat
WARNING:werkzeug: * Debugger is active!
INFO:werkzeug: * Debugger PIN: 879-829-383
INFO:werkzeug: * Detected change in 'D:\\Cesar Castro\\Desktop\\Python\\Equipo1-Python\\UNIDAD 2\\PRACTICA_3\\routes\\editorial\\editoralesView.py', reloading
INFO:werkzeug: * Restarting with stat
WARNING:werkzeug: * Debugger is active!
INFO:werkzeug: * Debugger PIN: 879-829-383
INFO:werkzeug: * Detected change in 'D:\\Cesar Castro\\Desktop\\Python\\Equipo1-Python\\UNIDAD 2\\PRACTICA_3\\routes\\editorial\\editoralesView.py', reloading
INFO:werkzeug: * Restarting with stat
WARNING:werkzeug: * Debugger is active!
INFO:werkzeug: * Debugger PIN: 879-829-383
INFO:werkzeug: * Detected change in 'D:\\Cesar Castro\\Desktop\\Python\\Equipo1-Python\\UNIDAD 2\\PRACTICA_3\\routes\\editorial\\editoralesView.py', reloading
INFO:werkzeug: * Restarting with stat
WARNING:werkzeug: * Debugger is active!
INFO:werkzeug: * Debugger PIN: 879-829-383
INFO:werkzeug: * Detected change in 'D:\\Cesar Castro\\Desktop\\Python\\Equipo1-Python\\UNIDAD 2\\PRACTICA_3\\routes\\editorial\\editoralesView.py', reloading
INFO:werkzeug: * Restarting with stat
WARNING:werkzeug: * Debugger is active!
INFO:werkzeug: * Debugger PIN: 879-829-383
INFO:werkzeug: * Detected change in 'D:\\Cesar Castro\\Desktop\\Python\\Equipo1-Python\\UNIDAD 2\\PRACTICA_3\\routes\\editorial\\editoralesView.py', reloading
INFO:werkzeug: * Restarting with stat
WARNING:werkzeug: * Debugger is active!
INFO:werkzeug: * Debugger PIN: 879-829-383
INFO:werkzeug: * Detected change in 'D:\\Cesar Castro\\Desktop\\Python\\Equipo1-Python\\UNIDAD 2\\PRACTICA_3\\routes\\editorial\\editoralesView.py', reloading
INFO:werkzeug: * Restarting with stat
WARNING:werkzeug: * Debugger is active!
INFO:werkzeug: * Debugger PIN: 879-829-383
INFO:werkzeug: * Detected change in 'D:\\Cesar Castro\\Desktop\\Python\\Equipo1-Python\\UNIDAD 2\\PRACTICA_3\\routes\\editorial\\editoralesView.py', reloading
INFO:werkzeug: * Restarting with stat
WARNING:werkzeug: * Debugger is active!
INFO:werkzeug: * Debugger PIN: 879-829-383
INFO:werkzeug: * Detected change in 'D:\\Cesar Castro\\Desktop\\Python\\Equipo1-Python\\UNIDAD 2\\PRACTICA_3\\routes\\editorial\\editoralesView.py', reloading
INFO:werkzeug: * Restarting with stat
WARNING:werkzeug: * Debugger is active!
INFO:werkzeug: * Debugger PIN: 879-829-383
INFO:werkzeug: * Detected change in 'D:\\Cesar Castro\\Desktop\\Python\\Equipo1-Python\\UNIDAD 2\\PRACTICA_3\\routes\\editorial\\editoralesView.py', reloading
INFO:werkzeug: * Restarting with stat
WARNING:werkzeug: * Debugger is active!
INFO:werkzeug: * Debugger PIN: 879-829-383
INFO:werkzeug: * Detected change in 'D:\\Cesar Castro\\Desktop\\Python\\Equipo1-Python\\UNIDAD 2\\PRACTICA_3\\routes\\editorial\\editoralesView.py', reloading
INFO:werkzeug: * Restarting with stat
WARNING:werkzeug: * Debugger is active!
INFO:werkzeug: * Debugger PIN: 879-829-383
INFO:werkzeug: * Detected change in 'D:\\Cesar Castro\\Desktop\\Python\\Equipo1-Python\\UNIDAD 2\\PRACTICA_3\\routes\\editorial\\editoralesView.py', reloading
INFO:werkzeug: * Restarting with stat
WARNING:werkzeug: * Debugger is active!
INFO:werkzeug: * Debugger PIN: 879-829-383
INFO:werkzeug: * Detected change in 'D:\\Cesar Castro\\Desktop\\Python\\Equipo1-Python\\UNIDAD 2\\PRACTICA_3\\routes\\editorial\\editoralesView.py', reloading
INFO:werkzeug: * Restarting with stat
WARNING:werkzeug: * Debugger is active!
INFO:werkzeug: * Debugger PIN: 879-829-383
INFO:werkzeug: * Detected change in 'D:\\Cesar Castro\\Desktop\\Python\\Equipo1-Python\\UNIDAD 2\\PRACTICA_3\\routes\\editorial\\editoralesView.py', reloading
INFO:werkzeug: * Restarting with stat
WARNING:werkzeug: * Debugger is active!
INFO:werkzeug: * Debugger PIN: 879-829-383
INFO:werkzeug: * Detected change in 'D:\\Cesar Castro\\Desktop\\Python\\Equipo1-Python\\UNIDAD 2\\PRACTICA_3\\routes\\editorial\\editoralesView.py', reloading
INFO:werkzeug: * Restarting with stat
WARNING:werkzeug: * Debugger is active!
INFO:werkzeug: * Debugger PIN: 879-829-383
INFO:werkzeug: * Detected change in 'D:\\Cesar Castro\\Desktop\\Python\\Equipo1-Python\\UNIDAD 2\\PRACTICA_3\\routes\\editorial\\editoralesView.py', reloading
INFO:werkzeug: * Restarting with stat
WARNING:werkzeug: * Debugger is active!
INFO:werkzeug: * Debugger PIN: 879-829-383
INFO:werkzeug: * Detected change in 'D:\\Cesar Castro\\Desktop\\Python\\Equipo1-Python\\UNIDAD 2\\PRACTICA_3\\routes\\editorial\\editoralesView.py', reloading
INFO:werkzeug: * Restarting with stat
WARNING:werkzeug: * Debugger is active!
INFO:werkzeug: * Debugger PIN: 879-829-383
INFO:werkzeug: * Detected change in 'D:\\Cesar Castro\\Desktop\\Python\\Equipo1-Python\\UNIDAD 2\\PRACTICA_3\\routes\\editorial\\editoralesView.py', reloading
INFO:werkzeug: * Restarting with stat
WARNING:werkzeug: * Debugger is active!
INFO:werkzeug: * Debugger PIN: 879-829-383
INFO:werkzeug: * Detected change in 'D:\\Cesar Castro\\Desktop\\Python\\Equipo1-Python\\UNIDAD 2\\PRACTICA_3\\routes\\editorial\\editoralesView.py', reloading
INFO:werkzeug: * Restarting with stat
WARNING:werkzeug: * Debugger is active!
INFO:werkzeug: * Debugger PIN: 879-829-383
INFO:werkzeug: * Detected change in 'D:\\Cesar Castro\\Desktop\\Python\\Equipo1-Python\\UNIDAD 2\\PRACTICA_3\\routes\\editorial\\editoralesView.py', reloading
INFO:werkzeug: * Restarting with stat
WARNING:werkzeug: * Debugger is active!
INFO:werkzeug: * Debugger PIN: 879-829-383
INFO:werkzeug: * Detected change in 'D:\\Cesar Castro\\Desktop\\Python\\Equipo1-Python\\UNIDAD 2\\PRACTICA_3\\routes\\editorial\\editoralesView.py', reloading
INFO:werkzeug: * Restarting with stat
WARNING:werkzeug: * Debugger is active!
INFO:werkzeug: * Debugger PIN: 879-829-383
INFO:werkzeug: * Detected change in 'D:\\Cesar Castro\\Desktop\\Python\\Equipo1-Python\\UNIDAD 2\\PRACTICA_3\\routes\\editorial\\editoralesView.py', reloading
INFO:werkzeug: * Restarting with stat
WARNING:werkzeug: * Debugger is active!
INFO:werkzeug: * Debugger PIN: 879-829-383
INFO:werkzeug: * Detected change in 'D:\\Cesar Castro\\Desktop\\Python\\Equipo1-Python\\UNIDAD 2\\PRACTICA_3\\routes\\editorial\\editoralesView.py', reloading
INFO:werkzeug: * Restarting with stat
WARNING:werkzeug: * Debugger is active!
INFO:werkzeug: * Debugger PIN: 879-829-383
INFO:werkzeug: * Detected change in 'D:\\Cesar Castro\\Desktop\\Python\\Equipo1-Python\\UNIDAD 2\\PRACTICA_3\\routes\\editorial\\editoralesView.py', reloading
INFO:werkzeug: * Restarting with stat
WARNING:werkzeug: * Debugger is active!
INFO:werkzeug: * Debugger PIN: 879-829-383
INFO:werkzeug: * Detected change in 'D:\\Cesar Castro\\Desktop\\Python\\Equipo1-Python\\UNIDAD 2\\PRACTICA_3\\routes\\editorial\\editoralesView.py', reloading
INFO:werkzeug: * Restarting with stat
WARNING:werkzeug: * Debugger is active!
INFO:werkzeug: * Debugger PIN: 879-829-383
INFO:werkzeug: * Detected change in 'D:\\Cesar Castro\\Desktop\\Python\\Equipo1-Python\\UNIDAD 2\\PRACTICA_3\\routes\\editorial\\editoralesView.py', reloading
INFO:werkzeug: * Restarting with stat
WARNING:werkzeug: * Debugger is active!
INFO:werkzeug: * Debugger PIN: 879-829-383
INFO:werkzeug: * Detected change in 'D:\\Cesar Castro\\Desktop\\Python\\Equipo1-Python\\UNIDAD 2\\PRACTICA_3\\routes\\editorial\\editoralesView.py', reloading
INFO:werkzeug: * Restarting with stat
WARNING:werkzeug: * Debugger is active!
INFO:werkzeug: * Debugger PIN: 879-829-383
INFO:werkzeug: * Detected change in 'D:\\Cesar Castro\\Desktop\\Python\\Equipo1-Python\\UNIDAD 2\\PRACTICA_3\\routes\\editorial\\editoralesView.py', reloading
INFO:werkzeug: * Restarting with stat
WARNING:werkzeug: * Debugger is active!
INFO:werkzeug: * Debugger PIN: 879-829-383
INFO:werkzeug: * Detected change in 'D:\\Cesar Castro\\Desktop\\Python\\Equipo1-Python\\UNIDAD 2\\PRACTICA_3\\routes\\editorial\\editoralesView.py', reloading
INFO:werkzeug: * Restarting with stat
WARNING:werkzeug: * Debugger is active!
INFO:werkzeug: * Debugger PIN: 879-829-383
INFO:werkzeug: * Detected change in 'D:\\Cesar Castro\\Desktop\\Python\\Equipo1-Python\\UNIDAD 2\\PRACTICA_3\\routes\\editorial\\editoralesView.py', reloading
INFO:werkzeug: * Restarting with stat
WARNING:werkzeug: * Debugger is active!
INFO:werkzeug: * Debugger PIN: 879-829-383
INFO:werkzeug: * Detected change in 'D:\\Cesar Castro\\Desktop\\Python\\Equipo1-Python\\UNIDAD 2\\PRACTICA_3\\routes\\editorial\\editoralesView.py', reloading
INFO:werkzeug: * Restarting with stat
WARNING:werkzeug: * Debugger is active!
INFO:werkzeug: * Debugger PIN: 879-829-383
INFO:werkzeug: * Detected change in 'D:\\Cesar Castro\\Desktop\\Python\\Equipo1-Python\\UNIDAD 2\\PRACTICA_3\\routes\\editorial\\editoralesView.py', reloading
INFO:werkzeug: * Restarting with stat
WARNING:werkzeug: * Debugger is active!
INFO:werkzeug: * Debugger PIN: 879-829-383
INFO:werkzeug: * Detected change in 'D:\\Cesar Castro\\Desktop\\Python\\Equipo1-Python\\UNIDAD 2\\PRACTICA_3\\routes\\editorial\\editoralesView.py', reloading
INFO:werkzeug: * Restarting with stat
WARNING:werkzeug: * Debugger is active!
INFO:werkzeug: * Debugger PIN: 879-829-383
INFO:werkzeug: * Detected change in 'D:\\Cesar Castro\\Desktop\\Python\\Equipo1-Python\\UNIDAD 2\\PRACTICA_3\\routes\\editorial\\editoralesView.py', reloading
INFO:werkzeug: * Restarting with stat
WARNING:werkzeug: * Debugger is active!
INFO:werkzeug: * Debugger PIN: 879-829-383
INFO:werkzeug: * Detected change in 'D:\\Cesar Castro\\Desktop\\Python\\Equipo1-Python\\UNIDAD 2\\PRACTICA_3\\routes\\editorial\\editoralesView.py', reloading
INFO:werkzeug: * Restarting with stat
WARNING:werkzeug: * Debugger is active!
INFO:werkzeug: * Debugger PIN: 879-829-383
INFO:werkzeug: * Detected change in 'D:\\Cesar Castro\\Desktop\\Python\\Equipo1-Python\\UNIDAD 2\\PRACTICA_3\\routes\\editorial\\editoralesView.py', reloading
INFO:werkzeug: * Restarting with stat
WARNING:werkzeug: * Debugger is active!
INFO:werkzeug: * Debugger PIN: 879-829-383
INFO:werkzeug: * Detected change in 'D:\\Cesar Castro\\Desktop\\Python\\Equipo1-Python\\UNIDAD 2\\PRACTICA_3\\routes\\editorial\\editoralesView.py', reloading
INFO:werkzeug: * Restarting with stat
WARNING:werkzeug: * Debugger is active!
INFO:werkzeug: * Debugger PIN: 879-829-383
INFO:werkzeug: * Detected change in 'D:\\Cesar Castro\\Desktop\\Python\\Equipo1-Python\\UNIDAD 2\\PRACTICA_3\\routes\\editorial\\editoralesView.py', reloading
INFO:werkzeug: * Restarting with stat
WARNING:werkzeug: * Debugger is active!
INFO:werkzeug: * Debugger PIN: 879-829-383
INFO:werkzeug:[31m[1mWARNING: This is a development server. Do not use it in a production deployment. Use a production WSGI server instead.[0m
 * Running on http://127.0.0.1:5000
INFO:werkzeug:[33mPress CTRL+C to quit[0m
INFO:werkzeug: * Restarting with stat
WARNING:werkzeug: * Debugger is active!
INFO:werkzeug: * Debugger PIN: 879-829-383
INFO:werkzeug:127.0.0.1 - - [03/Nov/2023 14:58:00] "[33mGET /editoriales HTTP/1.1[0m" 404 -
INFO:werkzeug:127.0.0.1 - - [03/Nov/2023 14:58:04] "[33mGET /editoriales HTTP/1.1[0m" 404 -
INFO:werkzeug: * Detected change in 'D:\\Cesar Castro\\Desktop\\Python\\Equipo1-Python\\UNIDAD 2\\PRACTICA_3\\app.py', reloading
INFO:werkzeug: * Restarting with stat
WARNING:werkzeug: * Debugger is active!
INFO:werkzeug: * Debugger PIN: 879-829-383
INFO:werkzeug: * Detected change in 'D:\\Cesar Castro\\Desktop\\Python\\Equipo1-Python\\UNIDAD 2\\PRACTICA_3\\app.py', reloading
INFO:werkzeug: * Restarting with stat
INFO:werkzeug: * Restarting with stat
WARNING:werkzeug: * Debugger is active!
INFO:werkzeug: * Debugger PIN: 879-829-383
INFO:werkzeug: * Detected change in 'D:\\Cesar Castro\\Desktop\\Python\\Equipo1-Python\\UNIDAD 2\\PRACTICA_3\\app.py', reloading
INFO:werkzeug: * Restarting with stat
INFO:werkzeug: * Restarting with stat
INFO:werkzeug: * Restarting with stat
INFO:werkzeug:[31m[1mWARNING: This is a development server. Do not use it in a production deployment. Use a production WSGI server instead.[0m
 * Running on http://127.0.0.1:5000
INFO:werkzeug:[33mPress CTRL+C to quit[0m
INFO:werkzeug: * Restarting with stat
WARNING:werkzeug: * Debugger is active!
INFO:werkzeug: * Debugger PIN: 879-829-383
INFO:werkzeug:127.0.0.1 - - [03/Nov/2023 14:58:52] "GET /editoriales HTTP/1.1" 200 -
INFO:werkzeug:127.0.0.1 - - [03/Nov/2023 14:58:57] "GET /agregarEditoriales HTTP/1.1" 200 -
INFO:werkzeug: * Detected change in 'D:\\Cesar Castro\\Desktop\\Python\\Equipo1-Python\\UNIDAD 2\\PRACTICA_3\\forms.py', reloading
INFO:werkzeug: * Restarting with stat
WARNING:werkzeug: * Debugger is active!
INFO:werkzeug: * Debugger PIN: 879-829-383
INFO:werkzeug:127.0.0.1 - - [03/Nov/2023 14:59:35] "GET /agregarEditoriales HTTP/1.1" 200 -
INFO:werkzeug:127.0.0.1 - - [03/Nov/2023 14:59:49] "[32mPOST /agregarEditoriales HTTP/1.1[0m" 302 -
INFO:werkzeug:127.0.0.1 - - [03/Nov/2023 14:59:49] "GET /editoriales HTTP/1.1" 200 -
INFO:werkzeug:127.0.0.1 - - [03/Nov/2023 14:59:54] "GET /editarEditoriales/2 HTTP/1.1" 200 -
INFO:werkzeug:127.0.0.1 - - [03/Nov/2023 15:00:02] "[32mPOST /editarEditoriales/2 HTTP/1.1[0m" 302 -
INFO:werkzeug:127.0.0.1 - - [03/Nov/2023 15:00:02] "GET /editoriales HTTP/1.1" 200 -
INFO:werkzeug:127.0.0.1 - - [03/Nov/2023 15:00:09] "[32mGET /eliminarEditoriales/1 HTTP/1.1[0m" 302 -
INFO:werkzeug:127.0.0.1 - - [03/Nov/2023 15:00:09] "GET /editoriales HTTP/1.1" 200 -
INFO:werkzeug:[31m[1mWARNING: This is a development server. Do not use it in a production deployment. Use a production WSGI server instead.[0m
 * Running on http://127.0.0.1:5000
INFO:werkzeug:[33mPress CTRL+C to quit[0m
INFO:werkzeug: * Restarting with stat
WARNING:werkzeug: * Debugger is active!
INFO:werkzeug: * Debugger PIN: 879-829-383
INFO:werkzeug:127.0.0.1 - - [03/Nov/2023 15:01:13] "GET /index HTTP/1.1" 200 -
INFO:werkzeug: * Detected change in 'D:\\Cesar Castro\\Desktop\\Python\\Equipo1-Python\\UNIDAD 2\\PRACTICA_3\\routes\\editorial\\editoralesView.py', reloading
INFO:werkzeug: * Restarting with stat
INFO:werkzeug: * Restarting with stat
INFO:werkzeug:[31m[1mWARNING: This is a development server. Do not use it in a production deployment. Use a production WSGI server instead.[0m
 * Running on http://127.0.0.1:5000
INFO:werkzeug:[33mPress CTRL+C to quit[0m
INFO:werkzeug: * Restarting with stat
WARNING:werkzeug: * Debugger is active!
INFO:werkzeug: * Debugger PIN: 879-829-383
INFO:werkzeug:127.0.0.1 - - [03/Nov/2023 15:02:22] "GET /index HTTP/1.1" 200 -
INFO:werkzeug:127.0.0.1 - - [03/Nov/2023 15:02:28] "GET /editar/1 HTTP/1.1" 200 -
INFO:werkzeug:127.0.0.1 - - [03/Nov/2023 15:02:37] "GET /agregar HTTP/1.1" 200 -
INFO:werkzeug: * Detected change in 'D:\\Cesar Castro\\Desktop\\Python\\Equipo1-Python\\UNIDAD 2\\PRACTICA_3\\routes\\libro\\libros.py', reloading
INFO:werkzeug: * Restarting with stat
WARNING:werkzeug: * Debugger is active!
INFO:werkzeug: * Debugger PIN: 879-829-383
INFO:werkzeug: * Detected change in 'D:\\Cesar Castro\\Desktop\\Python\\Equipo1-Python\\UNIDAD 2\\PRACTICA_3\\routes\\libro\\libros.py', reloading
INFO:werkzeug: * Restarting with stat
WARNING:werkzeug: * Debugger is active!
INFO:werkzeug: * Debugger PIN: 879-829-383
INFO:werkzeug:[31m[1mWARNING: This is a development server. Do not use it in a production deployment. Use a production WSGI server instead.[0m
 * Running on http://127.0.0.1:5000
INFO:werkzeug:[33mPress CTRL+C to quit[0m
INFO:werkzeug: * Restarting with stat
WARNING:werkzeug: * Debugger is active!
INFO:werkzeug: * Debugger PIN: 879-829-383
INFO:werkzeug:127.0.0.1 - - [03/Nov/2023 15:03:35] "GET /editar/1 HTTP/1.1" 200 -
INFO:werkzeug:127.0.0.1 - - [03/Nov/2023 15:03:46] "GET /index HTTP/1.1" 200 -
INFO:werkzeug:127.0.0.1 - - [03/Nov/2023 15:03:51] "[33mGET /indexEditorial HTTP/1.1[0m" 404 -
INFO:werkzeug:127.0.0.1 - - [03/Nov/2023 15:04:23] "GET /editoriales HTTP/1.1" 200 -
INFO:werkzeug:[31m[1mWARNING: This is a development server. Do not use it in a production deployment. Use a production WSGI server instead.[0m
 * Running on http://127.0.0.1:5000
INFO:werkzeug:[33mPress CTRL+C to quit[0m
INFO:werkzeug: * Restarting with stat
WARNING:werkzeug: * Debugger is active!
INFO:werkzeug: * Debugger PIN: 879-829-383
INFO:werkzeug:127.0.0.1 - - [03/Nov/2023 15:25:58] "[31m[1mGET /autor/agregar HTTP/1.1[0m" 405 -
INFO:werkzeug:127.0.0.1 - - [03/Nov/2023 15:26:12] "POST /autor/agregar HTTP/1.1" 200 -
INFO:werkzeug:127.0.0.1 - - [03/Nov/2023 15:27:25] "[35m[1mPOST /autor/editar HTTP/1.1[0m" 500 -
INFO:werkzeug:127.0.0.1 - - [03/Nov/2023 15:28:34] "[35m[1mPOST /autor/editar HTTP/1.1[0m" 500 -
INFO:werkzeug:127.0.0.1 - - [03/Nov/2023 15:28:39] "[35m[1mPOST /autor/editar HTTP/1.1[0m" 500 -
INFO:werkzeug:[31m[1mWARNING: This is a development server. Do not use it in a production deployment. Use a production WSGI server instead.[0m
 * Running on http://127.0.0.1:5000
INFO:werkzeug:[33mPress CTRL+C to quit[0m
INFO:werkzeug: * Restarting with stat
WARNING:werkzeug: * Debugger is active!
INFO:werkzeug: * Debugger PIN: 879-829-383
INFO:werkzeug:127.0.0.1 - - [03/Nov/2023 15:29:30] "[35m[1mPOST /autor/editar HTTP/1.1[0m" 500 -
INFO:werkzeug: * Detected change in 'D:\\Cesar Castro\\Desktop\\Python\\Equipo1-Python\\UNIDAD 2\\PRACTICA_3\\routes\\editorial\\editoriales.py', reloading
INFO:werkzeug: * Restarting with stat
WARNING:werkzeug: * Debugger is active!
INFO:werkzeug: * Debugger PIN: 879-829-383
INFO:werkzeug:[31m[1mWARNING: This is a development server. Do not use it in a production deployment. Use a production WSGI server instead.[0m
 * Running on http://127.0.0.1:5000
INFO:werkzeug:[33mPress CTRL+C to quit[0m
INFO:werkzeug: * Restarting with stat
WARNING:werkzeug: * Debugger is active!
INFO:werkzeug: * Debugger PIN: 879-829-383
INFO:werkzeug:127.0.0.1 - - [03/Nov/2023 15:30:52] "POST /autor/editar HTTP/1.1" 200 -
INFO:werkzeug:127.0.0.1 - - [03/Nov/2023 15:31:45] "POST /autor/eliminar HTTP/1.1" 200 -
INFO:werkzeug:127.0.0.1 - - [03/Nov/2023 15:32:16] "GET /autor/nombres HTTP/1.1" 200 -
INFO:werkzeug:127.0.0.1 - - [03/Nov/2023 15:35:13] "[31m[1mGET /editorial/agregar HTTP/1.1[0m" 405 -
INFO:werkzeug:127.0.0.1 - - [03/Nov/2023 15:35:20] "[35m[1mPOST /editorial/agregar HTTP/1.1[0m" 500 -
INFO:werkzeug:127.0.0.1 - - [03/Nov/2023 15:35:59] "[35m[1mPOST /editorial/agregar HTTP/1.1[0m" 500 -
INFO:werkzeug:[31m[1mWARNING: This is a development server. Do not use it in a production deployment. Use a production WSGI server instead.[0m
 * Running on http://127.0.0.1:5000
INFO:werkzeug:[33mPress CTRL+C to quit[0m
INFO:werkzeug: * Restarting with stat
WARNING:werkzeug: * Debugger is active!
INFO:werkzeug: * Debugger PIN: 879-829-383
INFO:werkzeug:127.0.0.1 - - [03/Nov/2023 15:36:34] "[35m[1mPOST /editorial/agregar HTTP/1.1[0m" 500 -
INFO:werkzeug:127.0.0.1 - - [03/Nov/2023 15:37:48] "GET /editorial/nombres HTTP/1.1" 200 -
INFO:werkzeug:127.0.0.1 - - [03/Nov/2023 15:40:25] "[31m[1mGET /editorial/editar HTTP/1.1[0m" 405 -
INFO:werkzeug:127.0.0.1 - - [03/Nov/2023 15:40:36] "[35m[1mPOST /editorial/editar HTTP/1.1[0m" 500 -
INFO:werkzeug:127.0.0.1 - - [03/Nov/2023 15:41:10] "POST /editorial/eliminar HTTP/1.1" 200 -
INFO:werkzeug:127.0.0.1 - - [03/Nov/2023 15:42:03] "[35m[1mPOST /editorial/agregar HTTP/1.1[0m" 500 -
INFO:werkzeug:127.0.0.1 - - [03/Nov/2023 15:42:12] "[35m[1mPOST /editorial/agregar HTTP/1.1[0m" 500 -
INFO:werkzeug: * Detected change in 'D:\\Cesar Castro\\Desktop\\Python\\Equipo1-Python\\UNIDAD 2\\PRACTICA_3\\routes\\editorial\\editoriales.py', reloading
INFO:werkzeug: * Restarting with stat
WARNING:werkzeug: * Debugger is active!
INFO:werkzeug: * Debugger PIN: 879-829-383
INFO:werkzeug: * Detected change in 'D:\\Cesar Castro\\Desktop\\Python\\Equipo1-Python\\UNIDAD 2\\PRACTICA_3\\routes\\editorial\\editoriales.py', reloading
INFO:werkzeug: * Restarting with stat
WARNING:werkzeug: * Debugger is active!
INFO:werkzeug: * Debugger PIN: 879-829-383
INFO:werkzeug:[31m[1mWARNING: This is a development server. Do not use it in a production deployment. Use a production WSGI server instead.[0m
 * Running on http://127.0.0.1:5000
INFO:werkzeug:[33mPress CTRL+C to quit[0m
INFO:werkzeug: * Restarting with stat
WARNING:werkzeug: * Debugger is active!
INFO:werkzeug: * Debugger PIN: 879-829-383
INFO:werkzeug:127.0.0.1 - - [03/Nov/2023 15:44:33] "POST /editorial/agregar HTTP/1.1" 200 -
INFO:werkzeug:127.0.0.1 - - [03/Nov/2023 15:44:44] "POST /editorial/agregar HTTP/1.1" 200 -
INFO:werkzeug:127.0.0.1 - - [03/Nov/2023 15:45:11] "[35m[1mPOST /editorial/editar HTTP/1.1[0m" 500 -
INFO:werkzeug:127.0.0.1 - - [03/Nov/2023 15:45:32] "[35m[1mPOST /editorial/editar HTTP/1.1[0m" 500 -
INFO:werkzeug:127.0.0.1 - - [03/Nov/2023 15:45:42] "POST /editorial/editar HTTP/1.1" 200 -
